{"D:\\pattern50\\Projects\\pattern50-main-service\\src\\app.module.ts": {"path":"D:\\pattern50\\Projects\\pattern50-main-service\\src\\app.module.ts","statementMap":{"0":{"start":{"line":1,"column":0},"end":{"line":1,"column":55}},"1":{"start":{"line":2,"column":0},"end":{"line":2,"column":76}},"2":{"start":{"line":3,"column":0},"end":{"line":3,"column":58}},"3":{"start":{"line":4,"column":0},"end":{"line":4,"column":58}},"4":{"start":{"line":5,"column":0},"end":{"line":5,"column":40}},"5":{"start":{"line":7,"column":0},"end":{"line":7,"column":61}},"6":{"start":{"line":8,"column":0},"end":{"line":8,"column":87}},"7":{"start":{"line":9,"column":0},"end":{"line":9,"column":50}},"8":{"start":{"line":10,"column":0},"end":{"line":10,"column":53}},"9":{"start":{"line":11,"column":0},"end":{"line":11,"column":88}},"10":{"start":{"line":12,"column":0},"end":{"line":12,"column":70}},"11":{"start":{"line":13,"column":0},"end":{"line":13,"column":46}},"12":{"start":{"line":20,"column":7},"end":{"line":20,"column":null}},"13":{"start":{"line":20,"column":13},"end":{"line":20,"column":null}},"14":{"start":{"line":20,"column":13},"end":{"line":20,"column":22}}},"fnMap":{},"branchMap":{},"s":{"0":0,"1":0,"2":0,"3":0,"4":0,"5":0,"6":0,"7":0,"8":0,"9":0,"10":0,"11":0,"12":0,"13":0,"14":0},"f":{},"b":{}}
,"D:\\pattern50\\Projects\\pattern50-main-service\\src\\main.ts": {"path":"D:\\pattern50\\Projects\\pattern50-main-service\\src\\main.ts","statementMap":{"0":{"start":{"line":2,"column":0},"end":{"line":2,"column":72}},"1":{"start":{"line":3,"column":0},"end":{"line":3,"column":43}},"2":{"start":{"line":4,"column":0},"end":{"line":4,"column":71}},"3":{"start":{"line":5,"column":0},"end":{"line":5,"column":43}},"4":{"start":{"line":6,"column":0},"end":{"line":6,"column":53}},"5":{"start":{"line":7,"column":0},"end":{"line":7,"column":46}},"6":{"start":{"line":8,"column":0},"end":{"line":8,"column":28}},"7":{"start":{"line":9,"column":0},"end":{"line":9,"column":41}},"8":{"start":{"line":12,"column":17},"end":{"line":12,"column":34}},"9":{"start":{"line":13,"column":14},"end":{"line":16,"column":4}},"10":{"start":{"line":18,"column":2},"end":{"line":24,"column":5}},"11":{"start":{"line":26,"column":2},"end":{"line":26,"column":36}},"12":{"start":{"line":28,"column":15},"end":{"line":28,"column":29}},"13":{"start":{"line":29,"column":2},"end":{"line":29,"column":20}},"14":{"start":{"line":30,"column":2},"end":{"line":32,"column":5}},"15":{"start":{"line":33,"column":2},"end":{"line":33,"column":26}},"16":{"start":{"line":34,"column":2},"end":{"line":34,"column":25}},"17":{"start":{"line":35,"column":2},"end":{"line":35,"column":43}},"18":{"start":{"line":36,"column":2},"end":{"line":36,"column":19}},"19":{"start":{"line":37,"column":2},"end":{"line":37,"column":25}},"20":{"start":{"line":38,"column":2},"end":{"line":38,"column":55}},"21":{"start":{"line":39,"column":2},"end":{"line":39,"column":87}},"22":{"start":{"line":41,"column":0},"end":{"line":41,"column":12}}},"fnMap":{"0":{"name":"bootstrap","decl":{"start":{"line":11,"column":15},"end":{"line":11,"column":24}},"loc":{"start":{"line":11,"column":24},"end":{"line":40,"column":1}}}},"branchMap":{"0":{"loc":{"start":{"line":38,"column":32},"end":{"line":38,"column":53}},"type":"cond-expr","locations":[{"start":{"line":38,"column":41},"end":{"line":38,"column":43}},{"start":{"line":38,"column":32},"end":{"line":38,"column":53}}]},"1":{"loc":{"start":{"line":38,"column":32},"end":{"line":38,"column":43}},"type":"binary-expr","locations":[{"start":{"line":38,"column":32},"end":{"line":38,"column":43}},{"start":{"line":38,"column":32},"end":{"line":38,"column":43}}]}},"s":{"0":0,"1":0,"2":0,"3":0,"4":0,"5":0,"6":0,"7":0,"8":0,"9":0,"10":0,"11":0,"12":0,"13":0,"14":0,"15":0,"16":0,"17":0,"18":0,"19":0,"20":0,"21":0,"22":0},"f":{"0":0},"b":{"0":[0,0],"1":[0,0]}}
,"D:\\pattern50\\Projects\\pattern50-main-service\\src\\common\\decorators\\IsValidPassword.decorator.ts": {"path":"D:\\pattern50\\Projects\\pattern50-main-service\\src\\common\\decorators\\IsValidPassword.decorator.ts","statementMap":{"0":{"start":{"line":1,"column":0},"end":{"line":1,"column":71}},"1":{"start":{"line":2,"column":0},"end":{"line":2,"column":56}},"2":{"start":{"line":4,"column":15},"end":{"line":4,"column":38}},"3":{"start":{"line":5,"column":0},"end":{"line":10,"column":94}},"4":{"start":{"line":13,"column":4},"end":{"line":30,"column":6}},"5":{"start":{"line":14,"column":8},"end":{"line":29,"column":11}},"6":{"start":{"line":23,"column":20},"end":{"line":23,"column":61}},"7":{"start":{"line":26,"column":20},"end":{"line":26,"column":74}},"8":{"start":{"line":12,"column":0},"end":{"line":12,"column":16}}},"fnMap":{"0":{"name":"IsStrongPassword","decl":{"start":{"line":12,"column":16},"end":{"line":12,"column":32}},"loc":{"start":{"line":12,"column":70},"end":{"line":31,"column":1}}},"1":{"name":"(anonymous_1)","decl":{"start":{"line":13,"column":11},"end":{"line":13,"column":21}},"loc":{"start":{"line":13,"column":57},"end":{"line":30,"column":5}}},"2":{"name":"(anonymous_2)","decl":{"start":{"line":22,"column":16},"end":{"line":22,"column":21}},"loc":{"start":{"line":22,"column":41},"end":{"line":24,"column":17}}},"3":{"name":"(anonymous_3)","decl":{"start":{"line":25,"column":16},"end":{"line":25,"column":30}},"loc":{"start":{"line":25,"column":30},"end":{"line":27,"column":17}}}},"branchMap":{},"s":{"0":0,"1":0,"2":0,"3":0,"4":0,"5":0,"6":0,"7":0,"8":0},"f":{"0":0,"1":0,"2":0,"3":0},"b":{}}
,"D:\\pattern50\\Projects\\pattern50-main-service\\src\\common\\decorators\\getUser.decorator.ts": {"path":"D:\\pattern50\\Projects\\pattern50-main-service\\src\\common\\decorators\\getUser.decorator.ts","statementMap":{"0":{"start":{"line":1,"column":0},"end":{"line":1,"column":72}},"1":{"start":{"line":3,"column":13},"end":{"line":7,"column":3}},"2":{"start":{"line":4,"column":16},"end":{"line":4,"column":47}},"3":{"start":{"line":6,"column":4},"end":{"line":6,"column":20}}},"fnMap":{"0":{"name":"(anonymous_0)","decl":{"start":{"line":3,"column":44},"end":{"line":3,"column":45}},"loc":{"start":{"line":3,"column":76},"end":{"line":7,"column":1}}}},"branchMap":{},"s":{"0":0,"1":0,"2":0,"3":0},"f":{"0":0},"b":{}}
,"D:\\pattern50\\Projects\\pattern50-main-service\\src\\common\\decorators\\mongodbIdValidator.decorator.ts": {"path":"D:\\pattern50\\Projects\\pattern50-main-service\\src\\common\\decorators\\mongodbIdValidator.decorator.ts","statementMap":{"0":{"start":{"line":1,"column":0},"end":{"line":1,"column":92}},"1":{"start":{"line":2,"column":0},"end":{"line":2,"column":33}},"2":{"start":{"line":5,"column":4},"end":{"line":23,"column":6}},"3":{"start":{"line":6,"column":8},"end":{"line":22,"column":11}},"4":{"start":{"line":13,"column":20},"end":{"line":15,"column":null}},"5":{"start":{"line":14,"column":24},"end":{"line":14,"column":36}},"6":{"start":{"line":16,"column":20},"end":{"line":16,"column":57}},"7":{"start":{"line":19,"column":20},"end":{"line":19,"column":79}},"8":{"start":{"line":4,"column":0},"end":{"line":4,"column":16}}},"fnMap":{"0":{"name":"IsMongoId","decl":{"start":{"line":4,"column":16},"end":{"line":4,"column":25}},"loc":{"start":{"line":4,"column":63},"end":{"line":24,"column":1}}},"1":{"name":"(anonymous_1)","decl":{"start":{"line":5,"column":11},"end":{"line":5,"column":21}},"loc":{"start":{"line":5,"column":57},"end":{"line":23,"column":5}}},"2":{"name":"(anonymous_2)","decl":{"start":{"line":12,"column":16},"end":{"line":12,"column":24}},"loc":{"start":{"line":12,"column":35},"end":{"line":17,"column":17}}},"3":{"name":"(anonymous_3)","decl":{"start":{"line":18,"column":16},"end":{"line":18,"column":30}},"loc":{"start":{"line":18,"column":56},"end":{"line":20,"column":17}}}},"branchMap":{"0":{"loc":{"start":{"line":13,"column":20},"end":{"line":15,"column":null}},"type":"if","locations":[{"start":{"line":13,"column":20},"end":{"line":15,"column":null}}]}},"s":{"0":0,"1":0,"2":0,"3":0,"4":0,"5":0,"6":0,"7":0,"8":0},"f":{"0":0,"1":0,"2":0,"3":0},"b":{"0":[0]}}
,"D:\\pattern50\\Projects\\pattern50-main-service\\src\\common\\decorators\\permissions.decorator.ts": {"path":"D:\\pattern50\\Projects\\pattern50-main-service\\src\\common\\decorators\\permissions.decorator.ts","statementMap":{"0":{"start":{"line":7,"column":0},"end":{"line":7,"column":60}},"1":{"start":{"line":8,"column":0},"end":{"line":8,"column":45}},"2":{"start":{"line":9,"column":0},"end":{"line":9,"column":42}},"3":{"start":{"line":10,"column":0},"end":{"line":10,"column":64}},"4":{"start":{"line":20,"column":4},"end":{"line":24,"column":6}},"5":{"start":{"line":12,"column":0},"end":{"line":12,"column":16}}},"fnMap":{},"branchMap":{},"s":{"0":0,"1":0,"2":0,"3":0,"4":0,"5":0},"f":{},"b":{}}
,"D:\\pattern50\\Projects\\pattern50-main-service\\src\\common\\decorators\\phoneValidator.ts": {"path":"D:\\pattern50\\Projects\\pattern50-main-service\\src\\common\\decorators\\phoneValidator.ts","statementMap":{"0":{"start":{"line":1,"column":0},"end":{"line":1,"column":null}},"1":{"start":{"line":9,"column":7},"end":{"line":13,"column":null}},"2":{"start":{"line":11,"column":8},"end":{"line":11,"column":35}},"3":{"start":{"line":9,"column":13},"end":{"line":13,"column":null}},"4":{"start":{"line":9,"column":13},"end":{"line":9,"column":36}},"5":{"start":{"line":16,"column":4},"end":{"line":25,"column":6}},"6":{"start":{"line":17,"column":8},"end":{"line":24,"column":11}},"7":{"start":{"line":15,"column":0},"end":{"line":15,"column":16}}},"fnMap":{"0":{"name":"(anonymous_1)","decl":{"start":{"line":10,"column":4},"end":{"line":10,"column":12}},"loc":{"start":{"line":10,"column":26},"end":{"line":12,"column":5}}},"1":{"name":"IsPhoneNumber","decl":{"start":{"line":15,"column":16},"end":{"line":15,"column":29}},"loc":{"start":{"line":15,"column":67},"end":{"line":26,"column":1}}},"2":{"name":"(anonymous_3)","decl":{"start":{"line":16,"column":11},"end":{"line":16,"column":21}},"loc":{"start":{"line":16,"column":57},"end":{"line":25,"column":5}}}},"branchMap":{},"s":{"0":0,"1":0,"2":0,"3":0,"4":0,"5":0,"6":0,"7":0},"f":{"0":0,"1":0,"2":0},"b":{}}
,"D:\\pattern50\\Projects\\pattern50-main-service\\src\\common\\decorators\\roles.decorator.ts": {"path":"D:\\pattern50\\Projects\\pattern50-main-service\\src\\common\\decorators\\roles.decorator.ts","statementMap":{"0":{"start":{"line":1,"column":0},"end":{"line":1,"column":45}},"1":{"start":{"line":3,"column":21},"end":{"line":3,"column":77}},"2":{"start":{"line":3,"column":50},"end":{"line":3,"column":77}},"3":{"start":{"line":3,"column":13},"end":{"line":3,"column":21}}},"fnMap":{"0":{"name":"(anonymous_0)","decl":{"start":{"line":3,"column":21},"end":{"line":3,"column":22}},"loc":{"start":{"line":3,"column":50},"end":{"line":3,"column":77}}}},"branchMap":{},"s":{"0":0,"1":0,"2":0,"3":0},"f":{"0":0},"b":{}}
,"D:\\pattern50\\Projects\\pattern50-main-service\\src\\common\\dto\\stripeTransfer.dto.ts": {"path":"D:\\pattern50\\Projects\\pattern50-main-service\\src\\common\\dto\\stripeTransfer.dto.ts","statementMap":{"0":{"start":{"line":1,"column":0},"end":{"line":1,"column":13}}},"fnMap":{},"branchMap":{},"s":{"0":0},"f":{},"b":{}}
,"D:\\pattern50\\Projects\\pattern50-main-service\\src\\common\\enums\\paymentIntentStatus.enum.ts": {"path":"D:\\pattern50\\Projects\\pattern50-main-service\\src\\common\\enums\\paymentIntentStatus.enum.ts","statementMap":{"0":{"start":{"line":1,"column":0},"end":{"line":1,"column":null}},"1":{"start":{"line":2,"column":4},"end":{"line":2,"column":null}},"2":{"start":{"line":3,"column":4},"end":{"line":3,"column":null}},"3":{"start":{"line":4,"column":4},"end":{"line":4,"column":null}},"4":{"start":{"line":5,"column":4},"end":{"line":5,"column":null}},"5":{"start":{"line":6,"column":4},"end":{"line":6,"column":null}},"6":{"start":{"line":7,"column":4},"end":{"line":7,"column":null}},"7":{"start":{"line":8,"column":4},"end":{"line":8,"column":null}},"8":{"start":{"line":9,"column":4},"end":{"line":9,"column":null}},"9":{"start":{"line":10,"column":4},"end":{"line":10,"column":null}}},"fnMap":{"0":{"name":"(anonymous_0)","decl":{"start":{"line":1,"column":0},"end":{"line":1,"column":12}},"loc":{"start":{"line":1,"column":31},"end":{"line":11,"column":1}}}},"branchMap":{"0":{"loc":{"start":{"line":1,"column":12},"end":{"line":1,"column":null}},"type":"binary-expr","locations":[{"start":{"line":1,"column":12},"end":{"line":1,"column":31}},{"start":{"line":1,"column":12},"end":{"line":1,"column":null}}]}},"s":{"0":0,"1":0,"2":0,"3":0,"4":0,"5":0,"6":0,"7":0,"8":0,"9":0},"f":{"0":0},"b":{"0":[0,0]}}
,"D:\\pattern50\\Projects\\pattern50-main-service\\src\\common\\enums\\paymentMethodType.enum.ts": {"path":"D:\\pattern50\\Projects\\pattern50-main-service\\src\\common\\enums\\paymentMethodType.enum.ts","statementMap":{"0":{"start":{"line":1,"column":0},"end":{"line":1,"column":null}},"1":{"start":{"line":2,"column":4},"end":{"line":2,"column":null}},"2":{"start":{"line":3,"column":4},"end":{"line":3,"column":null}},"3":{"start":{"line":4,"column":4},"end":{"line":4,"column":null}}},"fnMap":{"0":{"name":"(anonymous_0)","decl":{"start":{"line":1,"column":0},"end":{"line":1,"column":12}},"loc":{"start":{"line":1,"column":29},"end":{"line":5,"column":1}}}},"branchMap":{"0":{"loc":{"start":{"line":1,"column":12},"end":{"line":1,"column":null}},"type":"binary-expr","locations":[{"start":{"line":1,"column":12},"end":{"line":1,"column":29}},{"start":{"line":1,"column":12},"end":{"line":1,"column":null}}]}},"s":{"0":0,"1":0,"2":0,"3":0},"f":{"0":0},"b":{"0":[0,0]}}
,"D:\\pattern50\\Projects\\pattern50-main-service\\src\\common\\enums\\rmq-message-pattern.enum.ts": {"path":"D:\\pattern50\\Projects\\pattern50-main-service\\src\\common\\enums\\rmq-message-pattern.enum.ts","statementMap":{"0":{"start":{"line":1,"column":0},"end":{"line":1,"column":null}},"1":{"start":{"line":2,"column":4},"end":{"line":2,"column":null}},"2":{"start":{"line":3,"column":4},"end":{"line":3,"column":null}},"3":{"start":{"line":4,"column":4},"end":{"line":4,"column":null}},"4":{"start":{"line":5,"column":4},"end":{"line":5,"column":null}},"5":{"start":{"line":6,"column":4},"end":{"line":6,"column":null}},"6":{"start":{"line":7,"column":4},"end":{"line":7,"column":null}},"7":{"start":{"line":8,"column":4},"end":{"line":8,"column":null}}},"fnMap":{"0":{"name":"(anonymous_0)","decl":{"start":{"line":1,"column":0},"end":{"line":1,"column":12}},"loc":{"start":{"line":1,"column":36},"end":{"line":9,"column":1}}}},"branchMap":{"0":{"loc":{"start":{"line":1,"column":12},"end":{"line":1,"column":null}},"type":"binary-expr","locations":[{"start":{"line":1,"column":12},"end":{"line":1,"column":36}},{"start":{"line":1,"column":12},"end":{"line":1,"column":null}}]}},"s":{"0":0,"1":0,"2":0,"3":0,"4":0,"5":0,"6":0,"7":0},"f":{"0":0},"b":{"0":[0,0]}}
,"D:\\pattern50\\Projects\\pattern50-main-service\\src\\common\\enums\\status.enum.ts": {"path":"D:\\pattern50\\Projects\\pattern50-main-service\\src\\common\\enums\\status.enum.ts","statementMap":{"0":{"start":{"line":1,"column":0},"end":{"line":1,"column":null}},"1":{"start":{"line":2,"column":4},"end":{"line":2,"column":null}},"2":{"start":{"line":3,"column":4},"end":{"line":3,"column":null}}},"fnMap":{"0":{"name":"(anonymous_0)","decl":{"start":{"line":1,"column":0},"end":{"line":1,"column":12}},"loc":{"start":{"line":1,"column":22},"end":{"line":4,"column":1}}}},"branchMap":{"0":{"loc":{"start":{"line":1,"column":12},"end":{"line":1,"column":null}},"type":"binary-expr","locations":[{"start":{"line":1,"column":12},"end":{"line":1,"column":22}},{"start":{"line":1,"column":12},"end":{"line":1,"column":null}}]}},"s":{"0":0,"1":0,"2":0},"f":{"0":0},"b":{"0":[0,0]}}
,"D:\\pattern50\\Projects\\pattern50-main-service\\src\\common\\enums\\timeIntervals.enum.ts": {"path":"D:\\pattern50\\Projects\\pattern50-main-service\\src\\common\\enums\\timeIntervals.enum.ts","statementMap":{"0":{"start":{"line":1,"column":0},"end":{"line":1,"column":null}},"1":{"start":{"line":2,"column":4},"end":{"line":2,"column":null}},"2":{"start":{"line":3,"column":4},"end":{"line":3,"column":null}},"3":{"start":{"line":4,"column":4},"end":{"line":4,"column":null}},"4":{"start":{"line":5,"column":4},"end":{"line":5,"column":null}},"5":{"start":{"line":6,"column":4},"end":{"line":6,"column":null}},"6":{"start":{"line":7,"column":4},"end":{"line":7,"column":null}},"7":{"start":{"line":8,"column":4},"end":{"line":8,"column":null}}},"fnMap":{"0":{"name":"(anonymous_0)","decl":{"start":{"line":1,"column":0},"end":{"line":1,"column":12}},"loc":{"start":{"line":1,"column":25},"end":{"line":9,"column":1}}}},"branchMap":{"0":{"loc":{"start":{"line":1,"column":12},"end":{"line":1,"column":null}},"type":"binary-expr","locations":[{"start":{"line":1,"column":12},"end":{"line":1,"column":25}},{"start":{"line":1,"column":12},"end":{"line":1,"column":null}}]}},"s":{"0":0,"1":0,"2":0,"3":0,"4":0,"5":0,"6":0,"7":0},"f":{"0":0},"b":{"0":[0,0]}}
,"D:\\pattern50\\Projects\\pattern50-main-service\\src\\common\\globalConstants\\global.constants.ts": {"path":"D:\\pattern50\\Projects\\pattern50-main-service\\src\\common\\globalConstants\\global.constants.ts","statementMap":{"0":{"start":{"line":1,"column":13},"end":{"line":1,"column":55}},"1":{"start":{"line":2,"column":13},"end":{"line":2,"column":49}}},"fnMap":{},"branchMap":{},"s":{"0":0,"1":0},"f":{},"b":{}}
,"D:\\pattern50\\Projects\\pattern50-main-service\\src\\common\\globalConstants\\mockConstants.ts": {"path":"D:\\pattern50\\Projects\\pattern50-main-service\\src\\common\\globalConstants\\mockConstants.ts","statementMap":{"0":{"start":{"line":1,"column":13},"end":{"line":28,"column":null}}},"fnMap":{},"branchMap":{},"s":{"0":0},"f":{},"b":{}}
,"D:\\pattern50\\Projects\\pattern50-main-service\\src\\common\\globalConstants\\rabbitMQRoutingKeys.ts": {"path":"D:\\pattern50\\Projects\\pattern50-main-service\\src\\common\\globalConstants\\rabbitMQRoutingKeys.ts","statementMap":{"0":{"start":{"line":1,"column":0},"end":{"line":1,"column":null}},"1":{"start":{"line":4,"column":0},"end":{"line":4,"column":null}},"2":{"start":{"line":5,"column":4},"end":{"line":5,"column":null}}},"fnMap":{"0":{"name":"(anonymous_0)","decl":{"start":{"line":1,"column":0},"end":{"line":1,"column":12}},"loc":{"start":{"line":1,"column":33},"end":{"line":3,"column":1}}},"1":{"name":"(anonymous_1)","decl":{"start":{"line":4,"column":0},"end":{"line":4,"column":12}},"loc":{"start":{"line":4,"column":34},"end":{"line":6,"column":1}}}},"branchMap":{"0":{"loc":{"start":{"line":1,"column":12},"end":{"line":1,"column":null}},"type":"binary-expr","locations":[{"start":{"line":1,"column":12},"end":{"line":1,"column":33}},{"start":{"line":1,"column":12},"end":{"line":1,"column":null}}]},"1":{"loc":{"start":{"line":4,"column":12},"end":{"line":4,"column":null}},"type":"binary-expr","locations":[{"start":{"line":4,"column":12},"end":{"line":4,"column":34}},{"start":{"line":4,"column":12},"end":{"line":4,"column":null}}]}},"s":{"0":0,"1":0,"2":0},"f":{"0":0,"1":0},"b":{"0":[0,0],"1":[0,0]}}
,"D:\\pattern50\\Projects\\pattern50-main-service\\src\\common\\gurds\\auth\\clientAuthentication.guard.ts": {"path":"D:\\pattern50\\Projects\\pattern50-main-service\\src\\common\\gurds\\auth\\clientAuthentication.guard.ts","statementMap":{"0":{"start":{"line":1,"column":0},"end":{"line":1,"column":63}},"1":{"start":{"line":2,"column":0},"end":{"line":2,"column":98}},"2":{"start":{"line":5,"column":7},"end":{"line":38,"column":null}},"3":{"start":{"line":6,"column":24},"end":{"line":6,"column":39}},"4":{"start":{"line":9,"column":24},"end":{"line":9,"column":59}},"5":{"start":{"line":10,"column":27},"end":{"line":10,"column":59}},"6":{"start":{"line":12,"column":8},"end":{"line":14,"column":10}},"7":{"start":{"line":13,"column":12},"end":{"line":13,"column":79}},"8":{"start":{"line":16,"column":26},"end":{"line":16,"column":47}},"9":{"start":{"line":18,"column":8},"end":{"line":20,"column":null}},"10":{"start":{"line":19,"column":12},"end":{"line":19,"column":83}},"11":{"start":{"line":22,"column":34},"end":{"line":22,"column":46}},"12":{"start":{"line":23,"column":28},"end":{"line":23,"column":86}},"13":{"start":{"line":24,"column":41},"end":{"line":24,"column":63}},"14":{"start":{"line":26,"column":8},"end":{"line":28,"column":null}},"15":{"start":{"line":27,"column":12},"end":{"line":27,"column":74}},"16":{"start":{"line":30,"column":23},"end":{"line":30,"column":97}},"17":{"start":{"line":32,"column":8},"end":{"line":34,"column":null}},"18":{"start":{"line":33,"column":12},"end":{"line":33,"column":74}},"19":{"start":{"line":36,"column":8},"end":{"line":36,"column":20}},"20":{"start":{"line":5,"column":13},"end":{"line":38,"column":null}},"21":{"start":{"line":5,"column":13},"end":{"line":5,"column":35}}},"fnMap":{"0":{"name":"(anonymous_2)","decl":{"start":{"line":6,"column":4},"end":{"line":6,"column":24}},"loc":{"start":{"line":6,"column":52},"end":{"line":6,"column":57}}},"1":{"name":"(anonymous_3)","decl":{"start":{"line":8,"column":4},"end":{"line":8,"column":9}},"loc":{"start":{"line":8,"column":47},"end":{"line":37,"column":5}}}},"branchMap":{"0":{"loc":{"start":{"line":12,"column":8},"end":{"line":14,"column":10}},"type":"if","locations":[{"start":{"line":12,"column":8},"end":{"line":14,"column":10}}]},"1":{"loc":{"start":{"line":18,"column":8},"end":{"line":20,"column":null}},"type":"if","locations":[{"start":{"line":18,"column":8},"end":{"line":20,"column":null}}]},"2":{"loc":{"start":{"line":18,"column":12},"end":{"line":18,"column":76}},"type":"binary-expr","locations":[{"start":{"line":18,"column":12},"end":{"line":18,"column":34}},{"start":{"line":18,"column":38},"end":{"line":18,"column":76}}]},"3":{"loc":{"start":{"line":26,"column":8},"end":{"line":28,"column":null}},"type":"if","locations":[{"start":{"line":26,"column":8},"end":{"line":28,"column":null}}]},"4":{"loc":{"start":{"line":26,"column":12},"end":{"line":26,"column":38}},"type":"binary-expr","locations":[{"start":{"line":26,"column":12},"end":{"line":26,"column":21}},{"start":{"line":26,"column":25},"end":{"line":26,"column":38}}]},"5":{"loc":{"start":{"line":32,"column":8},"end":{"line":34,"column":null}},"type":"if","locations":[{"start":{"line":32,"column":8},"end":{"line":34,"column":null}}]}},"s":{"0":0,"1":0,"2":0,"3":0,"4":0,"5":0,"6":0,"7":0,"8":0,"9":0,"10":0,"11":0,"12":0,"13":0,"14":0,"15":0,"16":0,"17":0,"18":0,"19":0,"20":0,"21":0},"f":{"0":0,"1":0},"b":{"0":[0],"1":[0],"2":[0,0],"3":[0],"4":[0,0],"5":[0]}}
,"D:\\pattern50\\Projects\\pattern50-main-service\\src\\common\\gurds\\auth\\role.guard.ts": {"path":"D:\\pattern50\\Projects\\pattern50-main-service\\src\\common\\gurds\\auth\\role.guard.ts","statementMap":{"0":{"start":{"line":2,"column":0},"end":{"line":2,"column":66}},"1":{"start":{"line":3,"column":0},"end":{"line":3,"column":56}},"2":{"start":{"line":4,"column":0},"end":{"line":4,"column":57}},"3":{"start":{"line":5,"column":0},"end":{"line":5,"column":59}},"4":{"start":{"line":6,"column":0},"end":{"line":6,"column":130}},"5":{"start":{"line":7,"column":0},"end":{"line":7,"column":41}},"6":{"start":{"line":8,"column":0},"end":{"line":8,"column":41}},"7":{"start":{"line":9,"column":0},"end":{"line":9,"column":53}},"8":{"start":{"line":13,"column":7},"end":{"line":50,"column":null}},"9":{"start":{"line":14,"column":24},"end":{"line":14,"column":35}},"10":{"start":{"line":14,"column":54},"end":{"line":14,"column":59}},"11":{"start":{"line":14,"column":79},"end":{"line":14,"column":92}},"12":{"start":{"line":14,"column":114},"end":{"line":14,"column":127}},"13":{"start":{"line":17,"column":20},"end":{"line":17,"column":79}},"14":{"start":{"line":18,"column":8},"end":{"line":20,"column":null}},"15":{"start":{"line":19,"column":12},"end":{"line":19,"column":24}},"16":{"start":{"line":22,"column":24},"end":{"line":22,"column":67}},"17":{"start":{"line":23,"column":19},"end":{"line":23,"column":40}},"18":{"start":{"line":24,"column":8},"end":{"line":47,"column":null}},"19":{"start":{"line":25,"column":26},"end":{"line":25,"column":45}},"20":{"start":{"line":26,"column":12},"end":{"line":30,"column":null}},"21":{"start":{"line":27,"column":16},"end":{"line":27,"column":80}},"22":{"start":{"line":29,"column":16},"end":{"line":29,"column":null}},"23":{"start":{"line":32,"column":33},"end":{"line":32,"column":58}},"24":{"start":{"line":33,"column":12},"end":{"line":35,"column":null}},"25":{"start":{"line":34,"column":16},"end":{"line":34,"column":50}},"26":{"start":{"line":36,"column":25},"end":{"line":36,"column":76}},"27":{"start":{"line":37,"column":12},"end":{"line":39,"column":null}},"28":{"start":{"line":38,"column":16},"end":{"line":38,"column":29}},"29":{"start":{"line":40,"column":32},"end":{"line":40,"column":93}},"30":{"start":{"line":40,"column":86},"end":{"line":40,"column":92}},"31":{"start":{"line":41,"column":29},"end":{"line":41,"column":78}},"32":{"start":{"line":41,"column":51},"end":{"line":41,"column":77}},"33":{"start":{"line":42,"column":12},"end":{"line":44,"column":null}},"34":{"start":{"line":43,"column":16},"end":{"line":43,"column":47}},"35":{"start":{"line":46,"column":12},"end":{"line":46,"column":46}},"36":{"start":{"line":48,"column":8},"end":{"line":48,"column":20}},"37":{"start":{"line":13,"column":13},"end":{"line":50,"column":null}},"38":{"start":{"line":13,"column":13},"end":{"line":13,"column":23}}},"fnMap":{"0":{"name":"(anonymous_2)","decl":{"start":{"line":14,"column":4},"end":{"line":14,"column":24}},"loc":{"start":{"line":14,"column":138},"end":{"line":14,"column":143}}},"1":{"name":"(anonymous_3)","decl":{"start":{"line":16,"column":4},"end":{"line":16,"column":9}},"loc":{"start":{"line":16,"column":47},"end":{"line":49,"column":5}}},"2":{"name":"(anonymous_4)","decl":{"start":{"line":40,"column":81},"end":{"line":40,"column":82}},"loc":{"start":{"line":40,"column":86},"end":{"line":40,"column":92}}},"3":{"name":"(anonymous_5)","decl":{"start":{"line":41,"column":41},"end":{"line":41,"column":42}},"loc":{"start":{"line":41,"column":51},"end":{"line":41,"column":77}}}},"branchMap":{"0":{"loc":{"start":{"line":18,"column":8},"end":{"line":20,"column":null}},"type":"if","locations":[{"start":{"line":18,"column":8},"end":{"line":20,"column":null}}]},"1":{"loc":{"start":{"line":24,"column":8},"end":{"line":47,"column":null}},"type":"if","locations":[{"start":{"line":24,"column":8},"end":{"line":47,"column":null}},{"start":{"line":45,"column":15},"end":{"line":47,"column":null}}]},"2":{"loc":{"start":{"line":33,"column":12},"end":{"line":35,"column":null}},"type":"if","locations":[{"start":{"line":33,"column":12},"end":{"line":35,"column":null}}]},"3":{"loc":{"start":{"line":36,"column":60},"end":{"line":36,"column":75}},"type":"cond-expr","locations":[{"start":{"line":36,"column":67},"end":{"line":36,"column":69}},{"start":{"line":36,"column":60},"end":{"line":36,"column":75}}]},"4":{"loc":{"start":{"line":36,"column":60},"end":{"line":36,"column":69}},"type":"binary-expr","locations":[{"start":{"line":36,"column":60},"end":{"line":36,"column":69}},{"start":{"line":36,"column":60},"end":{"line":36,"column":69}}]},"5":{"loc":{"start":{"line":37,"column":12},"end":{"line":39,"column":null}},"type":"if","locations":[{"start":{"line":37,"column":12},"end":{"line":39,"column":null}}]},"6":{"loc":{"start":{"line":40,"column":32},"end":{"line":40,"column":93}},"type":"cond-expr","locations":[{"start":{"line":40,"column":63},"end":{"line":40,"column":65}},{"start":{"line":40,"column":63},"end":{"line":40,"column":93}}]},"7":{"loc":{"start":{"line":40,"column":32},"end":{"line":40,"column":65}},"type":"binary-expr","locations":[{"start":{"line":40,"column":32},"end":{"line":40,"column":65}},{"start":{"line":40,"column":63},"end":{"line":40,"column":65}}]},"8":{"loc":{"start":{"line":40,"column":32},"end":{"line":40,"column":63}},"type":"cond-expr","locations":[{"start":{"line":40,"column":46},"end":{"line":40,"column":48}},{"start":{"line":40,"column":46},"end":{"line":40,"column":63}}]},"9":{"loc":{"start":{"line":40,"column":32},"end":{"line":40,"column":48}},"type":"binary-expr","locations":[{"start":{"line":40,"column":32},"end":{"line":40,"column":48}},{"start":{"line":40,"column":46},"end":{"line":40,"column":48}}]},"10":{"loc":{"start":{"line":40,"column":32},"end":{"line":40,"column":46}},"type":"cond-expr","locations":[{"start":{"line":40,"column":36},"end":{"line":40,"column":38}},{"start":{"line":40,"column":32},"end":{"line":40,"column":46}}]},"11":{"loc":{"start":{"line":40,"column":32},"end":{"line":40,"column":38}},"type":"binary-expr","locations":[{"start":{"line":40,"column":32},"end":{"line":40,"column":38}},{"start":{"line":40,"column":32},"end":{"line":40,"column":38}}]},"12":{"loc":{"start":{"line":42,"column":12},"end":{"line":44,"column":null}},"type":"if","locations":[{"start":{"line":42,"column":12},"end":{"line":44,"column":null}}]}},"s":{"0":0,"1":0,"2":0,"3":0,"4":0,"5":0,"6":0,"7":0,"8":0,"9":0,"10":0,"11":0,"12":0,"13":0,"14":0,"15":0,"16":0,"17":0,"18":0,"19":0,"20":0,"21":0,"22":0,"23":0,"24":0,"25":0,"26":0,"27":0,"28":0,"29":0,"30":0,"31":0,"32":0,"33":0,"34":0,"35":0,"36":0,"37":0,"38":0},"f":{"0":0,"1":0,"2":0,"3":0},"b":{"0":[0],"1":[0,0],"2":[0],"3":[0,0],"4":[0,0],"5":[0],"6":[0,0],"7":[0,0],"8":[0,0],"9":[0,0],"10":[0,0],"11":[0,0],"12":[0]}}
,"D:\\pattern50\\Projects\\pattern50-main-service\\src\\common\\helpers\\EinHelper.ts": {"path":"D:\\pattern50\\Projects\\pattern50-main-service\\src\\common\\helpers\\EinHelper.ts","statementMap":{"0":{"start":{"line":2,"column":0},"end":{"line":2,"column":44}},"1":{"start":{"line":3,"column":0},"end":{"line":3,"column":66}},"2":{"start":{"line":4,"column":0},"end":{"line":4,"column":33}},"3":{"start":{"line":5,"column":0},"end":{"line":5,"column":59}},"4":{"start":{"line":6,"column":0},"end":{"line":6,"column":52}},"5":{"start":{"line":12,"column":21},"end":{"line":12,"column":67}},"6":{"start":{"line":13,"column":19},"end":{"line":13,"column":48}},"7":{"start":{"line":14,"column":23},"end":{"line":14,"column":61}},"8":{"start":{"line":15,"column":30},"end":{"line":18,"column":10}},"9":{"start":{"line":20,"column":8},"end":{"line":20,"column":null}},"10":{"start":{"line":26,"column":19},"end":{"line":26,"column":48}},"11":{"start":{"line":27,"column":21},"end":{"line":27,"column":67}},"12":{"start":{"line":28,"column":23},"end":{"line":28,"column":47}},"13":{"start":{"line":29,"column":25},"end":{"line":29,"column":65}},"14":{"start":{"line":30,"column":30},"end":{"line":33,"column":10}},"15":{"start":{"line":35,"column":8},"end":{"line":35,"column":41}},"16":{"start":{"line":39,"column":8},"end":{"line":50,"column":null}},"17":{"start":{"line":40,"column":12},"end":{"line":43,"column":14}},"18":{"start":{"line":45,"column":12},"end":{"line":49,"column":14}},"19":{"start":{"line":53,"column":8},"end":{"line":66,"column":null}},"20":{"start":{"line":54,"column":25},"end":{"line":54,"column":71}},"21":{"start":{"line":55,"column":23},"end":{"line":55,"column":52}},"22":{"start":{"line":56,"column":29},"end":{"line":56,"column":69}},"23":{"start":{"line":57,"column":36},"end":{"line":57,"column":69}},"24":{"start":{"line":58,"column":34},"end":{"line":61,"column":14}},"25":{"start":{"line":63,"column":12},"end":{"line":63,"column":44}},"26":{"start":{"line":65,"column":12},"end":{"line":65,"column":67}},"27":{"start":{"line":7,"column":0},"end":{"line":7,"column":13}}},"fnMap":{"0":{"name":"(anonymous_0)","decl":{"start":{"line":10,"column":4},"end":{"line":10,"column":10}},"loc":{"start":{"line":10,"column":56},"end":{"line":22,"column":5}}},"1":{"name":"(anonymous_1)","decl":{"start":{"line":24,"column":4},"end":{"line":24,"column":10}},"loc":{"start":{"line":24,"column":56},"end":{"line":36,"column":5}}},"2":{"name":"(anonymous_2)","decl":{"start":{"line":38,"column":4},"end":{"line":38,"column":10}},"loc":{"start":{"line":38,"column":41},"end":{"line":51,"column":5}}},"3":{"name":"(anonymous_3)","decl":{"start":{"line":52,"column":4},"end":{"line":52,"column":10}},"loc":{"start":{"line":52,"column":69},"end":{"line":67,"column":5}}}},"branchMap":{"0":{"loc":{"start":{"line":35,"column":15},"end":{"line":35,"column":40}},"type":"cond-expr","locations":[{"start":{"line":35,"column":28},"end":{"line":35,"column":30}},{"start":{"line":35,"column":15},"end":{"line":35,"column":40}}]},"1":{"loc":{"start":{"line":35,"column":15},"end":{"line":35,"column":30}},"type":"binary-expr","locations":[{"start":{"line":35,"column":15},"end":{"line":35,"column":30}},{"start":{"line":35,"column":15},"end":{"line":35,"column":30}}]},"2":{"loc":{"start":{"line":46,"column":16},"end":{"line":46,"column":30}},"type":"cond-expr","locations":[{"start":{"line":46,"column":21},"end":{"line":46,"column":23}},{"start":{"line":46,"column":16},"end":{"line":46,"column":30}}]},"3":{"loc":{"start":{"line":46,"column":16},"end":{"line":46,"column":23}},"type":"binary-expr","locations":[{"start":{"line":46,"column":16},"end":{"line":46,"column":23}},{"start":{"line":46,"column":16},"end":{"line":46,"column":23}}]},"4":{"loc":{"start":{"line":47,"column":16},"end":{"line":47,"column":27}},"type":"cond-expr","locations":[{"start":{"line":47,"column":21},"end":{"line":47,"column":23}},{"start":{"line":47,"column":16},"end":{"line":47,"column":27}}]},"5":{"loc":{"start":{"line":47,"column":16},"end":{"line":47,"column":23}},"type":"binary-expr","locations":[{"start":{"line":47,"column":16},"end":{"line":47,"column":23}},{"start":{"line":47,"column":16},"end":{"line":47,"column":23}}]}},"s":{"0":0,"1":0,"2":0,"3":0,"4":0,"5":0,"6":0,"7":0,"8":0,"9":0,"10":0,"11":0,"12":0,"13":0,"14":0,"15":0,"16":0,"17":0,"18":0,"19":0,"20":0,"21":0,"22":0,"23":0,"24":0,"25":0,"26":0,"27":0},"f":{"0":0,"1":0,"2":0,"3":0},"b":{"0":[0,0],"1":[0,0],"2":[0,0],"3":[0,0],"4":[0,0],"5":[0,0]}}
,"D:\\pattern50\\Projects\\pattern50-main-service\\src\\common\\helpers\\ExceptionHelper.ts": {"path":"D:\\pattern50\\Projects\\pattern50-main-service\\src\\common\\helpers\\ExceptionHelper.ts","statementMap":{"0":{"start":{"line":1,"column":0},"end":{"line":1,"column":null}},"1":{"start":{"line":23,"column":8},"end":{"line":24,"column":62}},"2":{"start":{"line":25,"column":8},"end":{"line":25,"column":40}},"3":{"start":{"line":29,"column":8},"end":{"line":32,"column":11}},"4":{"start":{"line":35,"column":8},"end":{"line":38,"column":11}},"5":{"start":{"line":41,"column":8},"end":{"line":44,"column":10}},"6":{"start":{"line":47,"column":8},"end":{"line":50,"column":11}},"7":{"start":{"line":53,"column":8},"end":{"line":56,"column":11}},"8":{"start":{"line":60,"column":8},"end":{"line":63,"column":11}},"9":{"start":{"line":67,"column":8},"end":{"line":67,"column":53}},"10":{"start":{"line":70,"column":8},"end":{"line":70,"column":55}},"11":{"start":{"line":74,"column":8},"end":{"line":74,"column":54}},"12":{"start":{"line":78,"column":8},"end":{"line":78,"column":58}},"13":{"start":{"line":81,"column":8},"end":{"line":81,"column":57}},"14":{"start":{"line":84,"column":8},"end":{"line":84,"column":72}},"15":{"start":{"line":87,"column":8},"end":{"line":87,"column":59}},"16":{"start":{"line":90,"column":8},"end":{"line":90,"column":62}},"17":{"start":{"line":93,"column":8},"end":{"line":93,"column":66}},"18":{"start":{"line":97,"column":8},"end":{"line":97,"column":61}},"19":{"start":{"line":100,"column":8},"end":{"line":100,"column":69}},"20":{"start":{"line":103,"column":8},"end":{"line":103,"column":69}},"21":{"start":{"line":106,"column":8},"end":{"line":106,"column":52}},"22":{"start":{"line":109,"column":8},"end":{"line":109,"column":56}},"23":{"start":{"line":112,"column":8},"end":{"line":115,"column":11}},"24":{"start":{"line":118,"column":8},"end":{"line":123,"column":11}},"25":{"start":{"line":126,"column":8},"end":{"line":126,"column":51}},"26":{"start":{"line":127,"column":8},"end":{"line":130,"column":10}},"27":{"start":{"line":134,"column":8},"end":{"line":134,"column":79}},"28":{"start":{"line":138,"column":8},"end":{"line":138,"column":64}},"29":{"start":{"line":142,"column":8},"end":{"line":142,"column":64}},"30":{"start":{"line":147,"column":30},"end":{"line":152,"column":null}},"31":{"start":{"line":153,"column":8},"end":{"line":153,"column":null}},"32":{"start":{"line":157,"column":30},"end":{"line":162,"column":null}},"33":{"start":{"line":163,"column":8},"end":{"line":163,"column":null}},"34":{"start":{"line":167,"column":30},"end":{"line":172,"column":null}},"35":{"start":{"line":173,"column":8},"end":{"line":173,"column":null}},"36":{"start":{"line":18,"column":0},"end":{"line":18,"column":13}}},"fnMap":{"0":{"name":"(anonymous_0)","decl":{"start":{"line":22,"column":4},"end":{"line":22,"column":10}},"loc":{"start":{"line":22,"column":22},"end":{"line":26,"column":5}}},"1":{"name":"(anonymous_1)","decl":{"start":{"line":28,"column":4},"end":{"line":28,"column":25}},"loc":{"start":{"line":28,"column":41},"end":{"line":33,"column":5}}},"2":{"name":"(anonymous_2)","decl":{"start":{"line":34,"column":4},"end":{"line":34,"column":29}},"loc":{"start":{"line":34,"column":63},"end":{"line":39,"column":5}}},"3":{"name":"(anonymous_3)","decl":{"start":{"line":40,"column":4},"end":{"line":40,"column":26}},"loc":{"start":{"line":40,"column":42},"end":{"line":45,"column":5}}},"4":{"name":"(anonymous_4)","decl":{"start":{"line":46,"column":4},"end":{"line":46,"column":27}},"loc":{"start":{"line":46,"column":43},"end":{"line":51,"column":5}}},"5":{"name":"(anonymous_5)","decl":{"start":{"line":52,"column":4},"end":{"line":52,"column":25}},"loc":{"start":{"line":52,"column":41},"end":{"line":57,"column":5}}},"6":{"name":"(anonymous_6)","decl":{"start":{"line":59,"column":4},"end":{"line":59,"column":41}},"loc":{"start":{"line":59,"column":69},"end":{"line":64,"column":5}}},"7":{"name":"(anonymous_7)","decl":{"start":{"line":66,"column":4},"end":{"line":66,"column":30}},"loc":{"start":{"line":66,"column":30},"end":{"line":68,"column":5}}},"8":{"name":"(anonymous_8)","decl":{"start":{"line":69,"column":4},"end":{"line":69,"column":32}},"loc":{"start":{"line":69,"column":32},"end":{"line":71,"column":5}}},"9":{"name":"(anonymous_9)","decl":{"start":{"line":73,"column":4},"end":{"line":73,"column":25}},"loc":{"start":{"line":73,"column":25},"end":{"line":75,"column":5}}},"10":{"name":"(anonymous_10)","decl":{"start":{"line":77,"column":4},"end":{"line":77,"column":20}},"loc":{"start":{"line":77,"column":20},"end":{"line":79,"column":5}}},"11":{"name":"(anonymous_11)","decl":{"start":{"line":80,"column":4},"end":{"line":80,"column":19}},"loc":{"start":{"line":80,"column":19},"end":{"line":82,"column":5}}},"12":{"name":"(anonymous_12)","decl":{"start":{"line":83,"column":4},"end":{"line":83,"column":17}},"loc":{"start":{"line":83,"column":17},"end":{"line":85,"column":5}}},"13":{"name":"(anonymous_13)","decl":{"start":{"line":86,"column":4},"end":{"line":86,"column":21}},"loc":{"start":{"line":86,"column":21},"end":{"line":88,"column":5}}},"14":{"name":"(anonymous_14)","decl":{"start":{"line":89,"column":4},"end":{"line":89,"column":13}},"loc":{"start":{"line":89,"column":13},"end":{"line":91,"column":5}}},"15":{"name":"(anonymous_15)","decl":{"start":{"line":92,"column":4},"end":{"line":92,"column":15}},"loc":{"start":{"line":92,"column":15},"end":{"line":94,"column":5}}},"16":{"name":"(anonymous_16)","decl":{"start":{"line":96,"column":4},"end":{"line":96,"column":21}},"loc":{"start":{"line":96,"column":21},"end":{"line":98,"column":5}}},"17":{"name":"(anonymous_17)","decl":{"start":{"line":99,"column":4},"end":{"line":99,"column":16}},"loc":{"start":{"line":99,"column":16},"end":{"line":101,"column":5}}},"18":{"name":"(anonymous_18)","decl":{"start":{"line":102,"column":4},"end":{"line":102,"column":16}},"loc":{"start":{"line":102,"column":16},"end":{"line":104,"column":5}}},"19":{"name":"(anonymous_19)","decl":{"start":{"line":105,"column":4},"end":{"line":105,"column":15}},"loc":{"start":{"line":105,"column":15},"end":{"line":107,"column":5}}},"20":{"name":"(anonymous_20)","decl":{"start":{"line":108,"column":4},"end":{"line":108,"column":19}},"loc":{"start":{"line":108,"column":19},"end":{"line":110,"column":5}}},"21":{"name":"(anonymous_21)","decl":{"start":{"line":111,"column":4},"end":{"line":111,"column":18}},"loc":{"start":{"line":111,"column":18},"end":{"line":116,"column":5}}},"22":{"name":"(anonymous_22)","decl":{"start":{"line":117,"column":4},"end":{"line":117,"column":20}},"loc":{"start":{"line":117,"column":20},"end":{"line":124,"column":5}}},"23":{"name":"(anonymous_23)","decl":{"start":{"line":125,"column":4},"end":{"line":125,"column":22}},"loc":{"start":{"line":125,"column":47},"end":{"line":131,"column":5}}},"24":{"name":"(anonymous_24)","decl":{"start":{"line":133,"column":4},"end":{"line":133,"column":20}},"loc":{"start":{"line":133,"column":20},"end":{"line":136,"column":5}}},"25":{"name":"(anonymous_25)","decl":{"start":{"line":137,"column":4},"end":{"line":137,"column":19}},"loc":{"start":{"line":137,"column":19},"end":{"line":140,"column":5}}},"26":{"name":"(anonymous_26)","decl":{"start":{"line":141,"column":4},"end":{"line":141,"column":19}},"loc":{"start":{"line":141,"column":19},"end":{"line":143,"column":5}}},"27":{"name":"(anonymous_27)","decl":{"start":{"line":146,"column":4},"end":{"line":146,"column":16}},"loc":{"start":{"line":146,"column":51},"end":{"line":154,"column":5}}},"28":{"name":"(anonymous_28)","decl":{"start":{"line":156,"column":4},"end":{"line":156,"column":16}},"loc":{"start":{"line":156,"column":51},"end":{"line":164,"column":5}}},"29":{"name":"(anonymous_29)","decl":{"start":{"line":166,"column":4},"end":{"line":166,"column":16}},"loc":{"start":{"line":166,"column":80},"end":{"line":174,"column":5}}}},"branchMap":{"0":{"loc":{"start":{"line":24,"column":12},"end":{"line":24,"column":61}},"type":"binary-expr","locations":[{"start":{"line":24,"column":12},"end":{"line":24,"column":36}},{"start":{"line":24,"column":40},"end":{"line":24,"column":61}}]},"1":{"loc":{"start":{"line":150,"column":21},"end":{"line":150,"column":43}},"type":"cond-expr","locations":[{"start":{"line":150,"column":31},"end":{"line":150,"column":38}},{"start":{"line":150,"column":41},"end":{"line":150,"column":43}}]},"2":{"loc":{"start":{"line":160,"column":21},"end":{"line":160,"column":43}},"type":"cond-expr","locations":[{"start":{"line":160,"column":31},"end":{"line":160,"column":38}},{"start":{"line":160,"column":41},"end":{"line":160,"column":43}}]},"3":{"loc":{"start":{"line":170,"column":21},"end":{"line":170,"column":49}},"type":"cond-expr","locations":[{"start":{"line":170,"column":31},"end":{"line":170,"column":38}},{"start":{"line":170,"column":41},"end":{"line":170,"column":49}}]},"4":{"loc":{"start":{"line":170,"column":41},"end":{"line":170,"column":49}},"type":"binary-expr","locations":[{"start":{"line":170,"column":41},"end":{"line":170,"column":43}},{"start":{"line":170,"column":47},"end":{"line":170,"column":49}}]},"5":{"loc":{"start":{"line":171,"column":18},"end":{"line":171,"column":34}},"type":"cond-expr","locations":[{"start":{"line":171,"column":25},"end":{"line":171,"column":29}},{"start":{"line":171,"column":32},"end":{"line":171,"column":34}}]}},"s":{"0":0,"1":0,"2":0,"3":0,"4":0,"5":0,"6":0,"7":0,"8":0,"9":0,"10":0,"11":0,"12":0,"13":0,"14":0,"15":0,"16":0,"17":0,"18":0,"19":0,"20":0,"21":0,"22":0,"23":0,"24":0,"25":0,"26":0,"27":0,"28":0,"29":0,"30":0,"31":0,"32":0,"33":0,"34":0,"35":0,"36":0},"f":{"0":0,"1":0,"2":0,"3":0,"4":0,"5":0,"6":0,"7":0,"8":0,"9":0,"10":0,"11":0,"12":0,"13":0,"14":0,"15":0,"16":0,"17":0,"18":0,"19":0,"20":0,"21":0,"22":0,"23":0,"24":0,"25":0,"26":0,"27":0,"28":0,"29":0},"b":{"0":[0,0],"1":[0,0],"2":[0,0],"3":[0,0],"4":[0,0],"5":[0,0]}}
,"D:\\pattern50\\Projects\\pattern50-main-service\\src\\common\\helpers\\NestHelper.ts": {"path":"D:\\pattern50\\Projects\\pattern50-main-service\\src\\common\\helpers\\NestHelper.ts","statementMap":{"0":{"start":{"line":1,"column":0},"end":{"line":1,"column":43}},"1":{"start":{"line":8,"column":8},"end":{"line":8,"column":70}},"2":{"start":{"line":9,"column":8},"end":{"line":9,"column":35}},"3":{"start":{"line":13,"column":8},"end":{"line":16,"column":null}},"4":{"start":{"line":13,"column":25},"end":{"line":13,"column":26}},"5":{"start":{"line":15,"column":12},"end":{"line":15,"column":55}},"6":{"start":{"line":20,"column":8},"end":{"line":23,"column":null}},"7":{"start":{"line":22,"column":12},"end":{"line":22,"column":57}},"8":{"start":{"line":25,"column":8},"end":{"line":25,"column":21}},"9":{"start":{"line":29,"column":8},"end":{"line":29,"column":58}},"10":{"start":{"line":33,"column":8},"end":{"line":33,"column":53}},"11":{"start":{"line":33,"column":31},"end":{"line":33,"column":51}},"12":{"start":{"line":37,"column":8},"end":{"line":46,"column":10}},"13":{"start":{"line":50,"column":8},"end":{"line":54,"column":null}},"14":{"start":{"line":51,"column":12},"end":{"line":51,"column":26}},"15":{"start":{"line":53,"column":12},"end":{"line":53,"column":24}},"16":{"start":{"line":58,"column":25},"end":{"line":58,"column":64}},"17":{"start":{"line":58,"column":44},"end":{"line":58,"column":63}},"18":{"start":{"line":59,"column":8},"end":{"line":59,"column":null}},"19":{"start":{"line":62,"column":8},"end":{"line":62,"column":60}},"20":{"start":{"line":65,"column":8},"end":{"line":74,"column":null}},"21":{"start":{"line":66,"column":12},"end":{"line":66,"column":25}},"22":{"start":{"line":67,"column":15},"end":{"line":74,"column":null}},"23":{"start":{"line":68,"column":33},"end":{"line":68,"column":52}},"24":{"start":{"line":69,"column":12},"end":{"line":73,"column":null}},"25":{"start":{"line":70,"column":16},"end":{"line":70,"column":28}},"26":{"start":{"line":71,"column":19},"end":{"line":73,"column":null}},"27":{"start":{"line":72,"column":16},"end":{"line":72,"column":29}},"28":{"start":{"line":75,"column":8},"end":{"line":75,"column":21}},"29":{"start":{"line":78,"column":8},"end":{"line":78,"column":49}},"30":{"start":{"line":81,"column":20},"end":{"line":81,"column":24}},"31":{"start":{"line":82,"column":8},"end":{"line":84,"column":null}},"32":{"start":{"line":83,"column":12},"end":{"line":83,"column":35}},"33":{"start":{"line":85,"column":8},"end":{"line":85,"column":33}},"34":{"start":{"line":85,"column":20},"end":{"line":85,"column":33}},"35":{"start":{"line":86,"column":8},"end":{"line":86,"column":21}},"36":{"start":{"line":3,"column":0},"end":{"line":3,"column":13}}},"fnMap":{"0":{"name":"(anonymous_0)","decl":{"start":{"line":7,"column":4},"end":{"line":7,"column":10}},"loc":{"start":{"line":7,"column":22},"end":{"line":10,"column":5}}},"1":{"name":"(anonymous_1)","decl":{"start":{"line":12,"column":4},"end":{"line":12,"column":9}},"loc":{"start":{"line":12,"column":102},"end":{"line":17,"column":5}}},"2":{"name":"(anonymous_2)","decl":{"start":{"line":18,"column":4},"end":{"line":18,"column":9}},"loc":{"start":{"line":18,"column":44},"end":{"line":26,"column":5}}},"3":{"name":"(anonymous_3)","decl":{"start":{"line":27,"column":4},"end":{"line":27,"column":9}},"loc":{"start":{"line":27,"column":33},"end":{"line":30,"column":5}}},"4":{"name":"(anonymous_4)","decl":{"start":{"line":32,"column":4},"end":{"line":32,"column":21}},"loc":{"start":{"line":32,"column":96},"end":{"line":34,"column":5}}},"5":{"name":"(anonymous_5)","decl":{"start":{"line":33,"column":24},"end":{"line":33,"column":27}},"loc":{"start":{"line":33,"column":31},"end":{"line":33,"column":51}}},"6":{"name":"(anonymous_6)","decl":{"start":{"line":36,"column":4},"end":{"line":36,"column":11}},"loc":{"start":{"line":36,"column":69},"end":{"line":47,"column":5}}},"7":{"name":"(anonymous_7)","decl":{"start":{"line":49,"column":4},"end":{"line":49,"column":20}},"loc":{"start":{"line":49,"column":37},"end":{"line":55,"column":5}}},"8":{"name":"(anonymous_8)","decl":{"start":{"line":57,"column":4},"end":{"line":57,"column":24}},"loc":{"start":{"line":57,"column":59},"end":{"line":60,"column":5}}},"9":{"name":"(anonymous_9)","decl":{"start":{"line":58,"column":39},"end":{"line":58,"column":40}},"loc":{"start":{"line":58,"column":44},"end":{"line":58,"column":63}}},"10":{"name":"(anonymous_10)","decl":{"start":{"line":61,"column":4},"end":{"line":61,"column":25}},"loc":{"start":{"line":61,"column":38},"end":{"line":63,"column":5}}},"11":{"name":"(anonymous_11)","decl":{"start":{"line":64,"column":4},"end":{"line":64,"column":19}},"loc":{"start":{"line":64,"column":43},"end":{"line":76,"column":5}}},"12":{"name":"(anonymous_12)","decl":{"start":{"line":77,"column":4},"end":{"line":77,"column":12}},"loc":{"start":{"line":77,"column":29},"end":{"line":79,"column":5}}},"13":{"name":"(anonymous_13)","decl":{"start":{"line":80,"column":4},"end":{"line":80,"column":18}},"loc":{"start":{"line":80,"column":28},"end":{"line":87,"column":5}}}},"branchMap":{"0":{"loc":{"start":{"line":8,"column":30},"end":{"line":8,"column":69}},"type":"binary-expr","locations":[{"start":{"line":8,"column":30},"end":{"line":8,"column":49}},{"start":{"line":8,"column":53},"end":{"line":8,"column":69}}]},"1":{"loc":{"start":{"line":20,"column":8},"end":{"line":23,"column":null}},"type":"if","locations":[{"start":{"line":20,"column":8},"end":{"line":23,"column":null}}]},"2":{"loc":{"start":{"line":20,"column":12},"end":{"line":20,"column":54}},"type":"binary-expr","locations":[{"start":{"line":20,"column":12},"end":{"line":20,"column":37}},{"start":{"line":20,"column":41},"end":{"line":20,"column":54}}]},"3":{"loc":{"start":{"line":22,"column":19},"end":{"line":22,"column":56}},"type":"binary-expr","locations":[{"start":{"line":22,"column":19},"end":{"line":22,"column":33}},{"start":{"line":22,"column":37},"end":{"line":22,"column":56}}]},"4":{"loc":{"start":{"line":29,"column":15},"end":{"line":29,"column":57}},"type":"binary-expr","locations":[{"start":{"line":29,"column":15},"end":{"line":29,"column":40}},{"start":{"line":29,"column":44},"end":{"line":29,"column":57}}]},"5":{"loc":{"start":{"line":39,"column":12},"end":{"line":45,"column":23}},"type":"binary-expr","locations":[{"start":{"line":39,"column":12},"end":{"line":39,"column":25}},{"start":{"line":41,"column":13},"end":{"line":41,"column":43}},{"start":{"line":41,"column":48},"end":{"line":41,"column":79}},{"start":{"line":43,"column":13},"end":{"line":43,"column":41}},{"start":{"line":43,"column":45},"end":{"line":43,"column":76}},{"start":{"line":45,"column":12},"end":{"line":45,"column":23}}]},"6":{"loc":{"start":{"line":50,"column":8},"end":{"line":54,"column":null}},"type":"if","locations":[{"start":{"line":50,"column":8},"end":{"line":54,"column":null}},{"start":{"line":52,"column":15},"end":{"line":54,"column":null}}]},"7":{"loc":{"start":{"line":50,"column":12},"end":{"line":50,"column":58}},"type":"binary-expr","locations":[{"start":{"line":50,"column":12},"end":{"line":50,"column":40}},{"start":{"line":50,"column":44},"end":{"line":50,"column":58}}]},"8":{"loc":{"start":{"line":65,"column":8},"end":{"line":74,"column":null}},"type":"if","locations":[{"start":{"line":65,"column":8},"end":{"line":74,"column":null}},{"start":{"line":67,"column":15},"end":{"line":74,"column":null}}]},"9":{"loc":{"start":{"line":67,"column":15},"end":{"line":74,"column":null}},"type":"if","locations":[{"start":{"line":67,"column":15},"end":{"line":74,"column":null}}]},"10":{"loc":{"start":{"line":69,"column":12},"end":{"line":73,"column":null}},"type":"if","locations":[{"start":{"line":69,"column":12},"end":{"line":73,"column":null}},{"start":{"line":71,"column":19},"end":{"line":73,"column":null}}]},"11":{"loc":{"start":{"line":71,"column":19},"end":{"line":73,"column":null}},"type":"if","locations":[{"start":{"line":71,"column":19},"end":{"line":73,"column":null}}]},"12":{"loc":{"start":{"line":82,"column":8},"end":{"line":84,"column":null}},"type":"if","locations":[{"start":{"line":82,"column":8},"end":{"line":84,"column":null}}]},"13":{"loc":{"start":{"line":85,"column":8},"end":{"line":85,"column":33}},"type":"if","locations":[{"start":{"line":85,"column":8},"end":{"line":85,"column":33}}]}},"s":{"0":0,"1":0,"2":0,"3":0,"4":0,"5":0,"6":0,"7":0,"8":0,"9":0,"10":0,"11":0,"12":0,"13":0,"14":0,"15":0,"16":0,"17":0,"18":0,"19":0,"20":0,"21":0,"22":0,"23":0,"24":0,"25":0,"26":0,"27":0,"28":0,"29":0,"30":0,"31":0,"32":0,"33":0,"34":0,"35":0,"36":0},"f":{"0":0,"1":0,"2":0,"3":0,"4":0,"5":0,"6":0,"7":0,"8":0,"9":0,"10":0,"11":0,"12":0,"13":0},"b":{"0":[0,0],"1":[0],"2":[0,0],"3":[0,0],"4":[0,0],"5":[0,0,0,0,0,0],"6":[0,0],"7":[0,0],"8":[0,0],"9":[0],"10":[0,0],"11":[0],"12":[0],"13":[0]}}
,"D:\\pattern50\\Projects\\pattern50-main-service\\src\\common\\helpers\\UpdateMultipleDataHandler.helper.ts": {"path":"D:\\pattern50\\Projects\\pattern50-main-service\\src\\common\\helpers\\UpdateMultipleDataHandler.helper.ts","statementMap":{"0":{"start":{"line":4,"column":32},"end":{"line":4,"column":82}},"1":{"start":{"line":4,"column":65},"end":{"line":4,"column":80}},"2":{"start":{"line":6,"column":27},"end":{"line":6,"column":76}},"3":{"start":{"line":6,"column":50},"end":{"line":6,"column":75}},"4":{"start":{"line":7,"column":30},"end":{"line":7,"column":78}},"5":{"start":{"line":7,"column":61},"end":{"line":7,"column":76}},"6":{"start":{"line":10,"column":25},"end":{"line":10,"column":75}},"7":{"start":{"line":10,"column":48},"end":{"line":10,"column":74}},"8":{"start":{"line":13,"column":28},"end":{"line":15,"column":41}},"9":{"start":{"line":14,"column":28},"end":{"line":14,"column":63}},"10":{"start":{"line":15,"column":25},"end":{"line":15,"column":40}},"11":{"start":{"line":16,"column":8},"end":{"line":20,"column":null}},"12":{"start":{"line":1,"column":0},"end":{"line":1,"column":13}}},"fnMap":{"0":{"name":"(anonymous_0)","decl":{"start":{"line":2,"column":4},"end":{"line":2,"column":10}},"loc":{"start":{"line":2,"column":63},"end":{"line":21,"column":5}}},"1":{"name":"(anonymous_1)","decl":{"start":{"line":4,"column":57},"end":{"line":4,"column":61}},"loc":{"start":{"line":4,"column":65},"end":{"line":4,"column":80}}},"2":{"name":"(anonymous_2)","decl":{"start":{"line":6,"column":42},"end":{"line":6,"column":46}},"loc":{"start":{"line":6,"column":50},"end":{"line":6,"column":75}}},"3":{"name":"(anonymous_3)","decl":{"start":{"line":7,"column":53},"end":{"line":7,"column":57}},"loc":{"start":{"line":7,"column":61},"end":{"line":7,"column":76}}},"4":{"name":"(anonymous_4)","decl":{"start":{"line":10,"column":40},"end":{"line":10,"column":44}},"loc":{"start":{"line":10,"column":48},"end":{"line":10,"column":74}}},"5":{"name":"(anonymous_5)","decl":{"start":{"line":14,"column":20},"end":{"line":14,"column":24}},"loc":{"start":{"line":14,"column":28},"end":{"line":14,"column":63}}},"6":{"name":"(anonymous_6)","decl":{"start":{"line":15,"column":17},"end":{"line":15,"column":21}},"loc":{"start":{"line":15,"column":25},"end":{"line":15,"column":40}}}},"branchMap":{},"s":{"0":0,"1":0,"2":0,"3":0,"4":0,"5":0,"6":0,"7":0,"8":0,"9":0,"10":0,"11":0,"12":0},"f":{"0":0,"1":0,"2":0,"3":0,"4":0,"5":0,"6":0},"b":{}}
,"D:\\pattern50\\Projects\\pattern50-main-service\\src\\common\\helpers\\aggregation.helper.ts": {"path":"D:\\pattern50\\Projects\\pattern50-main-service\\src\\common\\helpers\\aggregation.helper.ts","statementMap":{"0":{"start":{"line":1,"column":0},"end":{"line":1,"column":74}},"1":{"start":{"line":5,"column":8},"end":{"line":13,"column":null}},"2":{"start":{"line":17,"column":8},"end":{"line":19,"column":null}},"3":{"start":{"line":23,"column":8},"end":{"line":27,"column":null}},"4":{"start":{"line":31,"column":8},"end":{"line":39,"column":15}},"5":{"start":{"line":43,"column":8},"end":{"line":51,"column":15}},"6":{"start":{"line":55,"column":8},"end":{"line":63,"column":15}},"7":{"start":{"line":67,"column":8},"end":{"line":69,"column":null}},"8":{"start":{"line":73,"column":8},"end":{"line":75,"column":11}},"9":{"start":{"line":79,"column":8},"end":{"line":98,"column":null}},"10":{"start":{"line":102,"column":30},"end":{"line":102,"column":92}},"11":{"start":{"line":104,"column":8},"end":{"line":108,"column":null}},"12":{"start":{"line":112,"column":8},"end":{"line":139,"column":11}},"13":{"start":{"line":143,"column":8},"end":{"line":152,"column":11}},"14":{"start":{"line":156,"column":8},"end":{"line":185,"column":11}},"15":{"start":{"line":190,"column":8},"end":{"line":330,"column":11}},"16":{"start":{"line":3,"column":0},"end":{"line":3,"column":13}}},"fnMap":{"0":{"name":"(anonymous_0)","decl":{"start":{"line":4,"column":4},"end":{"line":4,"column":10}},"loc":{"start":{"line":4,"column":70},"end":{"line":14,"column":5}}},"1":{"name":"(anonymous_1)","decl":{"start":{"line":16,"column":4},"end":{"line":16,"column":10}},"loc":{"start":{"line":16,"column":54},"end":{"line":20,"column":5}}},"2":{"name":"(anonymous_2)","decl":{"start":{"line":22,"column":4},"end":{"line":22,"column":10}},"loc":{"start":{"line":22,"column":86},"end":{"line":28,"column":5}}},"3":{"name":"(anonymous_3)","decl":{"start":{"line":30,"column":4},"end":{"line":30,"column":10}},"loc":{"start":{"line":30,"column":99},"end":{"line":40,"column":5}}},"4":{"name":"(anonymous_4)","decl":{"start":{"line":42,"column":4},"end":{"line":42,"column":10}},"loc":{"start":{"line":42,"column":99},"end":{"line":52,"column":5}}},"5":{"name":"(anonymous_5)","decl":{"start":{"line":54,"column":4},"end":{"line":54,"column":10}},"loc":{"start":{"line":54,"column":115},"end":{"line":64,"column":5}}},"6":{"name":"(anonymous_6)","decl":{"start":{"line":66,"column":4},"end":{"line":66,"column":10}},"loc":{"start":{"line":66,"column":50},"end":{"line":70,"column":5}}},"7":{"name":"(anonymous_7)","decl":{"start":{"line":72,"column":4},"end":{"line":72,"column":10}},"loc":{"start":{"line":72,"column":78},"end":{"line":76,"column":5}}},"8":{"name":"(anonymous_8)","decl":{"start":{"line":78,"column":4},"end":{"line":78,"column":10}},"loc":{"start":{"line":78,"column":78},"end":{"line":99,"column":5}}},"9":{"name":"(anonymous_9)","decl":{"start":{"line":101,"column":4},"end":{"line":101,"column":10}},"loc":{"start":{"line":101,"column":59},"end":{"line":109,"column":5}}},"10":{"name":"(anonymous_10)","decl":{"start":{"line":111,"column":4},"end":{"line":111,"column":10}},"loc":{"start":{"line":111,"column":45},"end":{"line":140,"column":5}}},"11":{"name":"(anonymous_11)","decl":{"start":{"line":142,"column":4},"end":{"line":142,"column":10}},"loc":{"start":{"line":142,"column":48},"end":{"line":153,"column":5}}},"12":{"name":"(anonymous_12)","decl":{"start":{"line":155,"column":4},"end":{"line":155,"column":10}},"loc":{"start":{"line":155,"column":45},"end":{"line":187,"column":5}}},"13":{"name":"(anonymous_13)","decl":{"start":{"line":189,"column":4},"end":{"line":189,"column":10}},"loc":{"start":{"line":189,"column":49},"end":{"line":331,"column":5}}}},"branchMap":{},"s":{"0":0,"1":0,"2":0,"3":0,"4":0,"5":0,"6":0,"7":0,"8":0,"9":0,"10":0,"11":0,"12":0,"13":0,"14":0,"15":0,"16":0},"f":{"0":0,"1":0,"2":0,"3":0,"4":0,"5":0,"6":0,"7":0,"8":0,"9":0,"10":0,"11":0,"12":0,"13":0},"b":{}}
,"D:\\pattern50\\Projects\\pattern50-main-service\\src\\common\\helpers\\auth.helper.ts": {"path":"D:\\pattern50\\Projects\\pattern50-main-service\\src\\common\\helpers\\auth.helper.ts","statementMap":{"0":{"start":{"line":2,"column":0},"end":{"line":2,"column":55}},"1":{"start":{"line":4,"column":0},"end":{"line":4,"column":35}},"2":{"start":{"line":5,"column":0},"end":{"line":5,"column":33}},"3":{"start":{"line":7,"column":0},"end":{"line":7,"column":52}},"4":{"start":{"line":8,"column":0},"end":{"line":8,"column":42}},"5":{"start":{"line":9,"column":0},"end":{"line":9,"column":59}},"6":{"start":{"line":10,"column":0},"end":{"line":10,"column":53}},"7":{"start":{"line":11,"column":0},"end":{"line":11,"column":16}},"8":{"start":{"line":23,"column":4},"end":{"line":37,"column":6}},"9":{"start":{"line":28,"column":8},"end":{"line":28,"column":29}},"10":{"start":{"line":30,"column":28},"end":{"line":30,"column":92}},"11":{"start":{"line":31,"column":29},"end":{"line":31,"column":94}},"12":{"start":{"line":32,"column":8},"end":{"line":36,"column":10}},"13":{"start":{"line":39,"column":4},"end":{"line":49,"column":6}},"14":{"start":{"line":40,"column":8},"end":{"line":48,"column":10}},"15":{"start":{"line":51,"column":4},"end":{"line":60,"column":6}},"16":{"start":{"line":52,"column":8},"end":{"line":59,"column":10}},"17":{"start":{"line":80,"column":4},"end":{"line":90,"column":6}},"18":{"start":{"line":81,"column":20},"end":{"line":81,"column":61}},"19":{"start":{"line":82,"column":8},"end":{"line":88,"column":null}},"20":{"start":{"line":83,"column":12},"end":{"line":85,"column":null}},"21":{"start":{"line":84,"column":16},"end":{"line":84,"column":30}},"22":{"start":{"line":87,"column":12},"end":{"line":87,"column":61}},"23":{"start":{"line":89,"column":8},"end":{"line":89,"column":20}},"24":{"start":{"line":19,"column":8},"end":{"line":19,"column":70}},"25":{"start":{"line":20,"column":8},"end":{"line":20,"column":35}},"26":{"start":{"line":63,"column":8},"end":{"line":77,"column":null}},"27":{"start":{"line":64,"column":30},"end":{"line":64,"column":91}},"28":{"start":{"line":65,"column":12},"end":{"line":74,"column":null}},"29":{"start":{"line":66,"column":28},"end":{"line":66,"column":89}},"30":{"start":{"line":67,"column":34},"end":{"line":67,"column":54}},"31":{"start":{"line":68,"column":16},"end":{"line":70,"column":null}},"32":{"start":{"line":69,"column":20},"end":{"line":69,"column":null}},"33":{"start":{"line":71,"column":16},"end":{"line":71,"column":30}},"34":{"start":{"line":73,"column":16},"end":{"line":73,"column":28}},"35":{"start":{"line":76,"column":12},"end":{"line":76,"column":61}},"36":{"start":{"line":14,"column":0},"end":{"line":14,"column":13}},"37":{"start":{"line":91,"column":11},"end":{"line":95,"column":6}},"38":{"start":{"line":92,"column":22},"end":{"line":92,"column":62}},"39":{"start":{"line":93,"column":8},"end":{"line":93,"column":null}},"40":{"start":{"line":93,"column":20},"end":{"line":93,"column":null}},"41":{"start":{"line":94,"column":8},"end":{"line":94,"column":20}},"42":{"start":{"line":98,"column":11},"end":{"line":101,"column":6}},"43":{"start":{"line":100,"column":8},"end":{"line":100,"column":47}}},"fnMap":{"0":{"name":"(anonymous_0)","decl":{"start":{"line":14,"column":0},"end":{"line":14,"column":13}},"loc":{"start":{"line":14,"column":0},"end":{"line":102,"column":1}}},"1":{"name":"(anonymous_1)","decl":{"start":{"line":23,"column":20},"end":{"line":23,"column":null}},"loc":{"start":{"line":27,"column":68},"end":{"line":37,"column":5}}},"2":{"name":"(anonymous_2)","decl":{"start":{"line":39,"column":26},"end":{"line":39,"column":27}},"loc":{"start":{"line":39,"column":84},"end":{"line":49,"column":5}}},"3":{"name":"(anonymous_3)","decl":{"start":{"line":51,"column":27},"end":{"line":51,"column":28}},"loc":{"start":{"line":51,"column":85},"end":{"line":60,"column":5}}},"4":{"name":"(anonymous_4)","decl":{"start":{"line":80,"column":20},"end":{"line":80,"column":25}},"loc":{"start":{"line":80,"column":113},"end":{"line":90,"column":5}}},"5":{"name":"(anonymous_5)","decl":{"start":{"line":18,"column":4},"end":{"line":18,"column":10}},"loc":{"start":{"line":18,"column":22},"end":{"line":21,"column":5}}},"6":{"name":"(anonymous_6)","decl":{"start":{"line":62,"column":4},"end":{"line":62,"column":9}},"loc":{"start":{"line":62,"column":95},"end":{"line":78,"column":5}}},"7":{"name":"(anonymous_7)","decl":{"start":{"line":91,"column":31},"end":{"line":91,"column":36}},"loc":{"start":{"line":91,"column":95},"end":{"line":95,"column":5}}},"8":{"name":"(anonymous_8)","decl":{"start":{"line":98,"column":26},"end":{"line":98,"column":31}},"loc":{"start":{"line":98,"column":70},"end":{"line":101,"column":5}}}},"branchMap":{"0":{"loc":{"start":{"line":26,"column":8},"end":{"line":26,"column":30}},"type":"default-arg","locations":[{"start":{"line":26,"column":26},"end":{"line":26,"column":30}}]},"1":{"loc":{"start":{"line":45,"column":24},"end":{"line":45,"column":55}},"type":"cond-expr","locations":[{"start":{"line":45,"column":39},"end":{"line":45,"column":50}},{"start":{"line":45,"column":53},"end":{"line":45,"column":55}}]},"2":{"loc":{"start":{"line":45,"column":24},"end":{"line":45,"column":36}},"type":"cond-expr","locations":[{"start":{"line":45,"column":28},"end":{"line":45,"column":30}},{"start":{"line":45,"column":24},"end":{"line":45,"column":36}}]},"3":{"loc":{"start":{"line":45,"column":24},"end":{"line":45,"column":30}},"type":"binary-expr","locations":[{"start":{"line":45,"column":24},"end":{"line":45,"column":30}},{"start":{"line":45,"column":24},"end":{"line":45,"column":30}}]},"4":{"loc":{"start":{"line":82,"column":8},"end":{"line":88,"column":null}},"type":"if","locations":[{"start":{"line":82,"column":8},"end":{"line":88,"column":null}},{"start":{"line":86,"column":15},"end":{"line":88,"column":null}}]},"5":{"loc":{"start":{"line":82,"column":46},"end":{"line":82,"column":62}},"type":"cond-expr","locations":[{"start":{"line":82,"column":52},"end":{"line":82,"column":54}},{"start":{"line":82,"column":52},"end":{"line":82,"column":62}}]},"6":{"loc":{"start":{"line":82,"column":46},"end":{"line":82,"column":54}},"type":"binary-expr","locations":[{"start":{"line":82,"column":46},"end":{"line":82,"column":54}},{"start":{"line":82,"column":52},"end":{"line":82,"column":54}}]},"7":{"loc":{"start":{"line":83,"column":12},"end":{"line":85,"column":null}},"type":"if","locations":[{"start":{"line":83,"column":12},"end":{"line":85,"column":null}}]},"8":{"loc":{"start":{"line":83,"column":16},"end":{"line":83,"column":75}},"type":"binary-expr","locations":[{"start":{"line":83,"column":16},"end":{"line":83,"column":22}},{"start":{"line":83,"column":27},"end":{"line":83,"column":74}}]},"9":{"loc":{"start":{"line":19,"column":30},"end":{"line":19,"column":69}},"type":"binary-expr","locations":[{"start":{"line":19,"column":30},"end":{"line":19,"column":49}},{"start":{"line":19,"column":53},"end":{"line":19,"column":69}}]},"10":{"loc":{"start":{"line":65,"column":12},"end":{"line":74,"column":null}},"type":"if","locations":[{"start":{"line":65,"column":12},"end":{"line":74,"column":null}},{"start":{"line":72,"column":19},"end":{"line":74,"column":null}}]},"11":{"loc":{"start":{"line":68,"column":16},"end":{"line":70,"column":null}},"type":"if","locations":[{"start":{"line":68,"column":16},"end":{"line":70,"column":null}}]},"12":{"loc":{"start":{"line":93,"column":8},"end":{"line":93,"column":null}},"type":"if","locations":[{"start":{"line":93,"column":8},"end":{"line":93,"column":null}}]}},"s":{"0":0,"1":0,"2":0,"3":0,"4":0,"5":0,"6":0,"7":0,"8":0,"9":0,"10":0,"11":0,"12":0,"13":0,"14":0,"15":0,"16":0,"17":0,"18":0,"19":0,"20":0,"21":0,"22":0,"23":0,"24":0,"25":0,"26":0,"27":0,"28":0,"29":0,"30":0,"31":0,"32":0,"33":0,"34":0,"35":0,"36":0,"37":0,"38":0,"39":0,"40":0,"41":0,"42":0,"43":0},"f":{"0":0,"1":0,"2":0,"3":0,"4":0,"5":0,"6":0,"7":0,"8":0},"b":{"0":[0],"1":[0,0],"2":[0,0],"3":[0,0],"4":[0,0],"5":[0,0],"6":[0,0],"7":[0],"8":[0,0],"9":[0,0],"10":[0,0],"11":[0],"12":[0]}}
,"D:\\pattern50\\Projects\\pattern50-main-service\\src\\common\\helpers\\constructObjectsFromArrays.ts": {"path":"D:\\pattern50\\Projects\\pattern50-main-service\\src\\common\\helpers\\constructObjectsFromArrays.ts","statementMap":{"0":{"start":{"line":10,"column":47},"end":{"line":10,"column":49}},"1":{"start":{"line":12,"column":8},"end":{"line":14,"column":null}},"2":{"start":{"line":13,"column":12},"end":{"line":13,"column":null}},"3":{"start":{"line":16,"column":8},"end":{"line":16,"column":22}},"4":{"start":{"line":2,"column":0},"end":{"line":2,"column":13}}},"fnMap":{"0":{"name":"(anonymous_0)","decl":{"start":{"line":9,"column":4},"end":{"line":9,"column":10}},"loc":{"start":{"line":9,"column":65},"end":{"line":17,"column":5}}},"1":{"name":"(anonymous_1)","decl":{"start":{"line":12,"column":33},"end":{"line":12,"column":38}},"loc":{"start":{"line":12,"column":41},"end":{"line":14,"column":9}}}},"branchMap":{},"s":{"0":0,"1":0,"2":0,"3":0,"4":0},"f":{"0":0,"1":0},"b":{}}
,"D:\\pattern50\\Projects\\pattern50-main-service\\src\\common\\helpers\\constructObjectsFromDto.ts": {"path":"D:\\pattern50\\Projects\\pattern50-main-service\\src\\common\\helpers\\constructObjectsFromDto.ts","statementMap":{"0":{"start":{"line":1,"column":0},"end":{"line":1,"column":13}}},"fnMap":{},"branchMap":{},"s":{"0":0},"f":{},"b":{}}
,"D:\\pattern50\\Projects\\pattern50-main-service\\src\\common\\helpers\\date.helper.ts": {"path":"D:\\pattern50\\Projects\\pattern50-main-service\\src\\common\\helpers\\date.helper.ts","statementMap":{"0":{"start":{"line":1,"column":0},"end":{"line":1,"column":44}},"1":{"start":{"line":2,"column":0},"end":{"line":2,"column":43}},"2":{"start":{"line":3,"column":0},"end":{"line":3,"column":52}},"3":{"start":{"line":4,"column":0},"end":{"line":4,"column":42}},"4":{"start":{"line":7,"column":4},"end":{"line":7,"column":90}},"5":{"start":{"line":17,"column":8},"end":{"line":17,"column":55}},"6":{"start":{"line":20,"column":8},"end":{"line":20,"column":63}},"7":{"start":{"line":23,"column":8},"end":{"line":23,"column":63}},"8":{"start":{"line":27,"column":8},"end":{"line":27,"column":60}},"9":{"start":{"line":30,"column":8},"end":{"line":34,"column":null}},"10":{"start":{"line":31,"column":12},"end":{"line":31,"column":97}},"11":{"start":{"line":32,"column":15},"end":{"line":34,"column":null}},"12":{"start":{"line":33,"column":12},"end":{"line":33,"column":99}},"13":{"start":{"line":37,"column":8},"end":{"line":37,"column":59}},"14":{"start":{"line":40,"column":8},"end":{"line":40,"column":77}},"15":{"start":{"line":43,"column":8},"end":{"line":43,"column":71}},"16":{"start":{"line":46,"column":8},"end":{"line":46,"column":63}},"17":{"start":{"line":49,"column":8},"end":{"line":49,"column":71}},"18":{"start":{"line":52,"column":8},"end":{"line":52,"column":76}},"19":{"start":{"line":56,"column":21},"end":{"line":59,"column":10}},"20":{"start":{"line":60,"column":8},"end":{"line":60,"column":31}},"21":{"start":{"line":64,"column":8},"end":{"line":64,"column":81}},"22":{"start":{"line":68,"column":8},"end":{"line":68,"column":66}},"23":{"start":{"line":72,"column":24},"end":{"line":72,"column":38}},"24":{"start":{"line":73,"column":22},"end":{"line":73,"column":43}},"25":{"start":{"line":74,"column":19},"end":{"line":74,"column":106}},"26":{"start":{"line":75,"column":8},"end":{"line":75,"column":20}},"27":{"start":{"line":79,"column":8},"end":{"line":79,"column":67}},"28":{"start":{"line":82,"column":8},"end":{"line":82,"column":81}},"29":{"start":{"line":85,"column":8},"end":{"line":85,"column":78}},"30":{"start":{"line":88,"column":8},"end":{"line":88,"column":79}},"31":{"start":{"line":91,"column":8},"end":{"line":91,"column":76}},"32":{"start":{"line":95,"column":8},"end":{"line":95,"column":91}},"33":{"start":{"line":99,"column":8},"end":{"line":99,"column":68}},"34":{"start":{"line":102,"column":8},"end":{"line":102,"column":82}},"35":{"start":{"line":106,"column":8},"end":{"line":106,"column":40}},"36":{"start":{"line":110,"column":8},"end":{"line":110,"column":64}},"37":{"start":{"line":113,"column":8},"end":{"line":113,"column":84}},"38":{"start":{"line":116,"column":8},"end":{"line":116,"column":83}},"39":{"start":{"line":120,"column":22},"end":{"line":120,"column":40}},"40":{"start":{"line":121,"column":8},"end":{"line":121,"column":50}},"41":{"start":{"line":126,"column":8},"end":{"line":126,"column":70}},"42":{"start":{"line":130,"column":8},"end":{"line":130,"column":81}},"43":{"start":{"line":134,"column":8},"end":{"line":134,"column":65}},"44":{"start":{"line":138,"column":23},"end":{"line":138,"column":41}},"45":{"start":{"line":139,"column":8},"end":{"line":141,"column":null}},"46":{"start":{"line":140,"column":12},"end":{"line":140,"column":36}},"47":{"start":{"line":142,"column":8},"end":{"line":146,"column":null}},"48":{"start":{"line":143,"column":12},"end":{"line":143,"column":28}},"49":{"start":{"line":145,"column":12},"end":{"line":145,"column":29}},"50":{"start":{"line":147,"column":18},"end":{"line":147,"column":58}},"51":{"start":{"line":148,"column":19},"end":{"line":148,"column":85}},"52":{"start":{"line":156,"column":8},"end":{"line":159,"column":10}},"53":{"start":{"line":163,"column":8},"end":{"line":163,"column":42}},"54":{"start":{"line":166,"column":23},"end":{"line":166,"column":41}},"55":{"start":{"line":167,"column":8},"end":{"line":169,"column":null}},"56":{"start":{"line":168,"column":12},"end":{"line":168,"column":36}},"57":{"start":{"line":170,"column":8},"end":{"line":174,"column":null}},"58":{"start":{"line":171,"column":12},"end":{"line":171,"column":28}},"59":{"start":{"line":173,"column":12},"end":{"line":173,"column":29}},"60":{"start":{"line":175,"column":24},"end":{"line":175,"column":38}},"61":{"start":{"line":176,"column":22},"end":{"line":176,"column":43}},"62":{"start":{"line":177,"column":18},"end":{"line":177,"column":67}},"63":{"start":{"line":178,"column":19},"end":{"line":178,"column":94}},"64":{"start":{"line":179,"column":8},"end":{"line":182,"column":10}},"65":{"start":{"line":187,"column":18},"end":{"line":187,"column":36}},"66":{"start":{"line":188,"column":8},"end":{"line":188,"column":19}},"67":{"start":{"line":192,"column":17},"end":{"line":192,"column":35}},"68":{"start":{"line":193,"column":8},"end":{"line":195,"column":null}},"69":{"start":{"line":194,"column":12},"end":{"line":194,"column":22}},"70":{"start":{"line":196,"column":22},"end":{"line":196,"column":40}},"71":{"start":{"line":197,"column":8},"end":{"line":197,"column":68}},"72":{"start":{"line":200,"column":17},"end":{"line":200,"column":35}},"73":{"start":{"line":201,"column":8},"end":{"line":203,"column":null}},"74":{"start":{"line":202,"column":12},"end":{"line":202,"column":22}},"75":{"start":{"line":204,"column":26},"end":{"line":204,"column":77}},"76":{"start":{"line":205,"column":8},"end":{"line":216,"column":null}},"77":{"start":{"line":207,"column":40},"end":{"line":207,"column":67}},"78":{"start":{"line":210,"column":43},"end":{"line":210,"column":79}},"79":{"start":{"line":211,"column":12},"end":{"line":211,"column":42}},"80":{"start":{"line":214,"column":39},"end":{"line":214,"column":65}},"81":{"start":{"line":215,"column":12},"end":{"line":215,"column":38}},"82":{"start":{"line":223,"column":17},"end":{"line":223,"column":35}},"83":{"start":{"line":224,"column":8},"end":{"line":226,"column":null}},"84":{"start":{"line":225,"column":12},"end":{"line":225,"column":22}},"85":{"start":{"line":227,"column":19},"end":{"line":227,"column":37}},"86":{"start":{"line":228,"column":33},"end":{"line":228,"column":94}},"87":{"start":{"line":229,"column":30},"end":{"line":229,"column":93}},"88":{"start":{"line":230,"column":24},"end":{"line":230,"column":79}},"89":{"start":{"line":231,"column":29},"end":{"line":231,"column":86}},"90":{"start":{"line":232,"column":8},"end":{"line":237,"column":10}},"91":{"start":{"line":241,"column":30},"end":{"line":241,"column":55}},"92":{"start":{"line":242,"column":21},"end":{"line":242,"column":43}},"93":{"start":{"line":243,"column":8},"end":{"line":243,"column":20}},"94":{"start":{"line":248,"column":8},"end":{"line":248,"column":57}},"95":{"start":{"line":249,"column":8},"end":{"line":249,"column":66}},"96":{"start":{"line":254,"column":23},"end":{"line":257,"column":10}},"97":{"start":{"line":259,"column":28},"end":{"line":259,"column":38}},"98":{"start":{"line":260,"column":29},"end":{"line":260,"column":59}},"99":{"start":{"line":262,"column":8},"end":{"line":262,"column":28}},"100":{"start":{"line":266,"column":23},"end":{"line":269,"column":10}},"101":{"start":{"line":271,"column":28},"end":{"line":271,"column":38}},"102":{"start":{"line":272,"column":34},"end":{"line":272,"column":56}},"103":{"start":{"line":273,"column":35},"end":{"line":273,"column":87}},"104":{"start":{"line":274,"column":30},"end":{"line":274,"column":56}},"105":{"start":{"line":276,"column":8},"end":{"line":276,"column":29}},"106":{"start":{"line":280,"column":28},"end":{"line":280,"column":97}},"107":{"start":{"line":282,"column":8},"end":{"line":282,"column":27}},"108":{"start":{"line":286,"column":24},"end":{"line":286,"column":35}},"109":{"start":{"line":287,"column":8},"end":{"line":287,"column":null}},"110":{"start":{"line":290,"column":29},"end":{"line":290,"column":89}},"111":{"start":{"line":291,"column":19},"end":{"line":291,"column":23}},"112":{"start":{"line":292,"column":8},"end":{"line":294,"column":null}},"113":{"start":{"line":293,"column":12},"end":{"line":293,"column":25}},"114":{"start":{"line":295,"column":28},"end":{"line":295,"column":61}},"115":{"start":{"line":296,"column":8},"end":{"line":298,"column":null}},"116":{"start":{"line":297,"column":12},"end":{"line":297,"column":25}},"117":{"start":{"line":299,"column":8},"end":{"line":317,"column":null}},"118":{"start":{"line":300,"column":25},"end":{"line":300,"column":49}},"119":{"start":{"line":301,"column":26},"end":{"line":301,"column":54}},"120":{"start":{"line":302,"column":24},"end":{"line":302,"column":48}},"121":{"start":{"line":303,"column":26},"end":{"line":303,"column":50}},"122":{"start":{"line":304,"column":28},"end":{"line":304,"column":52}},"123":{"start":{"line":305,"column":28},"end":{"line":305,"column":52}},"124":{"start":{"line":306,"column":33},"end":{"line":306,"column":57}},"125":{"start":{"line":307,"column":25},"end":{"line":307,"column":100}},"126":{"start":{"line":308,"column":12},"end":{"line":316,"column":14}},"127":{"start":{"line":318,"column":8},"end":{"line":324,"column":null}},"128":{"start":{"line":319,"column":12},"end":{"line":323,"column":null}},"129":{"start":{"line":325,"column":8},"end":{"line":325,"column":20}},"130":{"start":{"line":6,"column":0},"end":{"line":6,"column":13}}},"fnMap":{"0":{"name":"(anonymous_0)","decl":{"start":{"line":6,"column":0},"end":{"line":6,"column":13}},"loc":{"start":{"line":6,"column":0},"end":{"line":327,"column":1}}},"1":{"name":"(anonymous_1)","decl":{"start":{"line":16,"column":4},"end":{"line":16,"column":7}},"loc":{"start":{"line":16,"column":20},"end":{"line":18,"column":5}}},"2":{"name":"(anonymous_2)","decl":{"start":{"line":19,"column":4},"end":{"line":19,"column":29}},"loc":{"start":{"line":19,"column":56},"end":{"line":21,"column":5}}},"3":{"name":"(anonymous_3)","decl":{"start":{"line":22,"column":4},"end":{"line":22,"column":24}},"loc":{"start":{"line":22,"column":51},"end":{"line":24,"column":5}}},"4":{"name":"(anonymous_4)","decl":{"start":{"line":26,"column":4},"end":{"line":26,"column":13}},"loc":{"start":{"line":26,"column":13},"end":{"line":28,"column":5}}},"5":{"name":"(anonymous_5)","decl":{"start":{"line":29,"column":4},"end":{"line":29,"column":17}},"loc":{"start":{"line":29,"column":60},"end":{"line":35,"column":5}}},"6":{"name":"(anonymous_6)","decl":{"start":{"line":36,"column":4},"end":{"line":36,"column":12}},"loc":{"start":{"line":36,"column":12},"end":{"line":38,"column":5}}},"7":{"name":"(anonymous_7)","decl":{"start":{"line":39,"column":4},"end":{"line":39,"column":20}},"loc":{"start":{"line":39,"column":33},"end":{"line":41,"column":5}}},"8":{"name":"(anonymous_8)","decl":{"start":{"line":42,"column":4},"end":{"line":42,"column":14}},"loc":{"start":{"line":42,"column":25},"end":{"line":44,"column":5}}},"9":{"name":"(anonymous_9)","decl":{"start":{"line":45,"column":4},"end":{"line":45,"column":13}},"loc":{"start":{"line":45,"column":13},"end":{"line":47,"column":5}}},"10":{"name":"(anonymous_10)","decl":{"start":{"line":48,"column":4},"end":{"line":48,"column":14}},"loc":{"start":{"line":48,"column":25},"end":{"line":50,"column":5}}},"11":{"name":"(anonymous_11)","decl":{"start":{"line":51,"column":4},"end":{"line":51,"column":11}},"loc":{"start":{"line":51,"column":36},"end":{"line":53,"column":5}}},"12":{"name":"(anonymous_12)","decl":{"start":{"line":55,"column":4},"end":
[...]
,"D:\\pattern50\\Projects\\pattern50-main-service\\src\\modules\\user-role\\entities\\user-role.entity.ts": {"path":"D:\\pattern50\\Projects\\pattern50-main-service\\src\\modules\\user-role\\entities\\user-role.entity.ts","statementMap":{"0":{"start":{"line":1,"column":0},"end":{"line":1,"column":55}},"1":{"start":{"line":2,"column":0},"end":{"line":2,"column":63}},"2":{"start":{"line":3,"column":0},"end":{"line":3,"column":46}},"3":{"start":{"line":8,"column":7},"end":{"line":24,"column":null}},"4":{"start":{"line":9,"column":4},"end":{"line":10,"column":null}},"5":{"start":{"line":12,"column":4},"end":{"line":13,"column":null}},"6":{"start":{"line":15,"column":4},"end":{"line":16,"column":null}},"7":{"start":{"line":18,"column":4},"end":{"line":23,"column":null}},"8":{"start":{"line":8,"column":13},"end":{"line":24,"column":null}},"9":{"start":{"line":8,"column":13},"end":{"line":8,"column":21}},"10":{"start":{"line":26,"column":13},"end":{"line":26,"column":69}}},"fnMap":{},"branchMap":{},"s":{"0":0,"1":0,"2":0,"3":0,"4":0,"5":0,"6":0,"7":0,"8":0,"9":0,"10":0},"f":{},"b":{}}
,"D:\\pattern50\\Projects\\pattern50-main-service\\src\\modules\\users\\user.service.ts": {"path":"D:\\pattern50\\Projects\\pattern50-main-service\\src\\modules\\users\\user.service.ts","statementMap":{"0":{"start":{"line":1,"column":0},"end":{"line":1,"column":64}},"1":{"start":{"line":2,"column":0},"end":{"line":2,"column":59}},"2":{"start":{"line":3,"column":0},"end":{"line":3,"column":56}},"3":{"start":{"line":4,"column":0},"end":{"line":4,"column":47}},"4":{"start":{"line":5,"column":0},"end":{"line":5,"column":73}},"5":{"start":{"line":6,"column":0},"end":{"line":6,"column":71}},"6":{"start":{"line":7,"column":0},"end":{"line":7,"column":61}},"7":{"start":{"line":10,"column":0},"end":{"line":10,"column":60}},"8":{"start":{"line":14,"column":7},"end":{"line":109,"column":null}},"9":{"start":{"line":17,"column":12},"end":{"line":17,"column":23}},"10":{"start":{"line":21,"column":4},"end":{"line":21,"column":65}},"11":{"start":{"line":25,"column":4},"end":{"line":25,"column":39}},"12":{"start":{"line":29,"column":4},"end":{"line":35,"column":null}},"13":{"start":{"line":30,"column":6},"end":{"line":34,"column":8}},"14":{"start":{"line":36,"column":4},"end":{"line":36,"column":113}},"15":{"start":{"line":39,"column":4},"end":{"line":45,"column":null}},"16":{"start":{"line":40,"column":6},"end":{"line":44,"column":8}},"17":{"start":{"line":47,"column":30},"end":{"line":47,"column":101}},"18":{"start":{"line":47,"column":70},"end":{"line":47,"column":100}},"19":{"start":{"line":49,"column":19},"end":{"line":49,"column":51}},"20":{"start":{"line":51,"column":21},"end":{"line":51,"column":148}},"21":{"start":{"line":52,"column":4},"end":{"line":52,"column":null}},"22":{"start":{"line":53,"column":4},"end":{"line":53,"column":null}},"23":{"start":{"line":57,"column":18},"end":{"line":57,"column":71}},"24":{"start":{"line":58,"column":4},"end":{"line":64,"column":null}},"25":{"start":{"line":59,"column":6},"end":{"line":63,"column":8}},"26":{"start":{"line":65,"column":20},"end":{"line":65,"column":22}},"27":{"start":{"line":66,"column":4},"end":{"line":70,"column":7}},"28":{"start":{"line":71,"column":4},"end":{"line":71,"column":null}},"29":{"start":{"line":72,"column":4},"end":{"line":74,"column":7}},"30":{"start":{"line":75,"column":4},"end":{"line":75,"column":null}},"31":{"start":{"line":77,"column":4},"end":{"line":77,"column":null}},"32":{"start":{"line":79,"column":16},"end":{"line":79,"column":64}},"33":{"start":{"line":80,"column":19},"end":{"line":80,"column":65}},"34":{"start":{"line":81,"column":4},"end":{"line":81,"column":18}},"35":{"start":{"line":85,"column":16},"end":{"line":85,"column":95}},"36":{"start":{"line":86,"column":4},"end":{"line":86,"column":null}},"37":{"start":{"line":86,"column":14},"end":{"line":86,"column":null}},"38":{"start":{"line":87,"column":4},"end":{"line":87,"column":null}},"39":{"start":{"line":91,"column":4},"end":{"line":91,"column":58}},"40":{"start":{"line":96,"column":4},"end":{"line":96,"column":87}},"41":{"start":{"line":102,"column":29},"end":{"line":102,"column":133}},"42":{"start":{"line":103,"column":4},"end":{"line":103,"column":47}},"43":{"start":{"line":106,"column":16},"end":{"line":106,"column":124}},"44":{"start":{"line":107,"column":4},"end":{"line":107,"column":26}},"45":{"start":{"line":14,"column":13},"end":{"line":109,"column":null}},"46":{"start":{"line":14,"column":13},"end":{"line":14,"column":25}}},"fnMap":{"0":{"name":"(anonymous_4)","decl":{"start":{"line":15,"column":2},"end":{"line":15,"column":null}},"loc":{"start":{"line":17,"column":42},"end":{"line":18,"column":7}}},"1":{"name":"(anonymous_5)","decl":{"start":{"line":20,"column":2},"end":{"line":20,"column":7}},"loc":{"start":{"line":20,"column":43},"end":{"line":22,"column":3}}},"2":{"name":"(anonymous_6)","decl":{"start":{"line":24,"column":2},"end":{"line":24,"column":7}},"loc":{"start":{"line":24,"column":15},"end":{"line":26,"column":3}}},"3":{"name":"(anonymous_7)","decl":{"start":{"line":28,"column":2},"end":{"line":28,"column":7}},"loc":{"start":{"line":28,"column":43},"end":{"line":37,"column":3}}},"4":{"name":"(anonymous_8)","decl":{"start":{"line":38,"column":2},"end":{"line":38,"column":7}},"loc":{"start":{"line":38,"column":31},"end":{"line":54,"column":3}}},"5":{"name":"(anonymous_9)","decl":{"start":{"line":47,"column":62},"end":{"line":47,"column":66}},"loc":{"start":{"line":47,"column":70},"end":{"line":47,"column":100}}},"6":{"name":"(anonymous_10)","decl":{"start":{"line":56,"column":2},"end":{"line":56,"column":7}},"loc":{"start":{"line":56,"column":27},"end":{"line":82,"column":3}}},"7":{"name":"(anonymous_11)","decl":{"start":{"line":83,"column":2},"end":{"line":83,"column":7}},"loc":{"start":{"line":83,"column":72},"end":{"line":88,"column":3}}},"8":{"name":"(anonymous_12)","decl":{"start":{"line":90,"column":2},"end":{"line":90,"column":7}},"loc":{"start":{"line":90,"column":42},"end":{"line":93,"column":3}}},"9":{"name":"(anonymous_13)","decl":{"start":{"line":95,"column":2},"end":{"line":95,"column":7}},"loc":{"start":{"line":95,"column":78},"end":{"line":98,"column":3}}},"10":{"name":"(anonymous_14)","decl":{"start":{"line":101,"column":2},"end":{"line":101,"column":7}},"loc":{"start":{"line":101,"column":78},"end":{"line":104,"column":3}}},"11":{"name":"(anonymous_15)","decl":{"start":{"line":105,"column":2},"end":{"line":105,"column":7}},"loc":{"start":{"line":105,"column":72},"end":{"line":108,"column":3}}}},"branchMap":{"0":{"loc":{"start":{"line":29,"column":4},"end":{"line":35,"column":null}},"type":"if","locations":[{"start":{"line":29,"column":4},"end":{"line":35,"column":null}}]},"1":{"loc":{"start":{"line":29,"column":8},"end":{"line":29,"column":68}},"type":"binary-expr","locations":[{"start":{"line":29,"column":8},"end":{"line":29,"column":44}},{"start":{"line":29,"column":48},"end":{"line":29,"column":68}}]},"2":{"loc":{"start":{"line":39,"column":4},"end":{"line":45,"column":null}},"type":"if","locations":[{"start":{"line":39,"column":4},"end":{"line":45,"column":null}}]},"3":{"loc":{"start":{"line":39,"column":8},"end":{"line":39,"column":86}},"type":"binary-expr","locations":[{"start":{"line":39,"column":8},"end":{"line":39,"column":53}},{"start":{"line":39,"column":57},"end":{"line":39,"column":86}}]},"4":{"loc":{"start":{"line":58,"column":4},"end":{"line":64,"column":null}},"type":"if","locations":[{"start":{"line":58,"column":4},"end":{"line":64,"column":null}}]},"5":{"loc":{"start":{"line":58,"column":8},"end":{"line":58,"column":68}},"type":"binary-expr","locations":[{"start":{"line":58,"column":8},"end":{"line":58,"column":44}},{"start":{"line":58,"column":48},"end":{"line":58,"column":68}}]},"6":{"loc":{"start":{"line":86,"column":4},"end":{"line":86,"column":null}},"type":"if","locations":[{"start":{"line":86,"column":4},"end":{"line":86,"column":null}}]},"7":{"loc":{"start":{"line":103,"column":11},"end":{"line":103,"column":46}},"type":"cond-expr","locations":[{"start":{"line":103,"column":40},"end":{"line":103,"column":44}},{"start":{"line":103,"column":44},"end":{"line":103,"column":46}}]},"8":{"loc":{"start":{"line":103,"column":11},"end":{"line":103,"column":44}},"type":"binary-expr","locations":[{"start":{"line":103,"column":11},"end":{"line":103,"column":44}},{"start":{"line":103,"column":40},"end":{"line":103,"column":44}}]},"9":{"loc":{"start":{"line":103,"column":11},"end":{"line":103,"column":40}},"type":"cond-expr","locations":[{"start":{"line":103,"column":22},"end":{"line":103,"column":24}},{"start":{"line":103,"column":11},"end":{"line":103,"column":40}}]},"10":{"loc":{"start":{"line":103,"column":11},"end":{"line":103,"column":24}},"type":"binary-expr","locations":[{"start":{"line":103,"column":11},"end":{"line":103,"column":24}},{"start":{"line":103,"column":11},"end":{"line":103,"column":24}}]}},"s":{"0":0,"1":0,"2":0,"3":0,"4":0,"5":0,"6":0,"7":0,"8":0,"9":0,"10":0,"11":0,"12":0,"13":0,"14":0,"15":0,"16":0,"17":0,"18":0,"19":0,"20":0,"21":0,"22":0,"23":0,"24":0,"25":0,"26":0,"27":0,"28":0,"29":0,"30":0,"31":0,"32":0,"33":0,"34":0,"35":0,"36":0,"37":0,"38":0,"39":0,"40":0,"41":0,"42":0,"43":0,"44":0,"45":0,"46":0},"f":{"0":0,"1":0,"2":0,"3":0,"4":0,"5":0,"6":0,"7":0,"8":0,"9":0,"10":0,"11":0},"b":{"0":[0],"1":[0,0],"2":[0],"3":[0,0],"4":[0],"5":[0,0],"6":[0],"7":[0,0],"8":[0,0],"9":[0,0],"10":[0,0]}}
,"D:\\pattern50\\Projects\\pattern50-main-service\\src\\modules\\users\\users.controller.ts": {"path":"D:\\pattern50\\Projects\\pattern50-main-service\\src\\modules\\users\\users.controller.ts","statementMap":{"0":{"start":{"line":1,"column":0},"end":{"line":1,"column":63}},"1":{"start":{"line":2,"column":0},"end":{"line":2,"column":71}},"2":{"start":{"line":3,"column":0},"end":{"line":3,"column":75}},"3":{"start":{"line":4,"column":0},"end":{"line":4,"column":49}},"4":{"start":{"line":5,"column":0},"end":{"line":5,"column":54}},"5":{"start":{"line":6,"column":0},"end":{"line":6,"column":54}},"6":{"start":{"line":8,"column":0},"end":{"line":8,"column":46}},"7":{"start":{"line":11,"column":7},"end":{"line":50,"column":null}},"8":{"start":{"line":12,"column":31},"end":{"line":12,"column":45}},"9":{"start":{"line":16,"column":4},"end":{"line":16,"column":57}},"10":{"start":{"line":21,"column":4},"end":{"line":21,"column":18}},"11":{"start":{"line":26,"column":4},"end":{"line":26,"column":45}},"12":{"start":{"line":32,"column":4},"end":{"line":32,"column":53}},"13":{"start":{"line":43,"column":4},"end":{"line":43,"column":47}},"14":{"start":{"line":48,"column":4},"end":{"line":48,"column":61}},"15":{"start":{"line":15,"column":8},"end":{"line":17,"column":null}},"16":{"start":{"line":20,"column":8},"end":{"line":22,"column":null}},"17":{"start":{"line":25,"column":8},"end":{"line":27,"column":null}},"18":{"start":{"line":31,"column":8},"end":{"line":33,"column":null}},"19":{"start":{"line":42,"column":8},"end":{"line":44,"column":null}},"20":{"start":{"line":47,"column":8},"end":{"line":49,"column":null}},"21":{"start":{"line":11,"column":13},"end":{"line":50,"column":null}},"22":{"start":{"line":11,"column":13},"end":{"line":11,"column":28}}},"fnMap":{"0":{"name":"(anonymous_4)","decl":{"start":{"line":12,"column":2},"end":{"line":12,"column":31}},"loc":{"start":{"line":12,"column":57},"end":{"line":12,"column":62}}},"1":{"name":"(anonymous_5)","decl":{"start":{"line":15,"column":2},"end":{"line":15,"column":7}},"loc":{"start":{"line":15,"column":51},"end":{"line":17,"column":3}}},"2":{"name":"(anonymous_6)","decl":{"start":{"line":20,"column":2},"end":{"line":20,"column":7}},"loc":{"start":{"line":20,"column":12},"end":{"line":22,"column":3}}},"3":{"name":"(anonymous_7)","decl":{"start":{"line":25,"column":2},"end":{"line":25,"column":7}},"loc":{"start":{"line":25,"column":15},"end":{"line":27,"column":3}}},"4":{"name":"(anonymous_8)","decl":{"start":{"line":31,"column":2},"end":{"line":31,"column":7}},"loc":{"start":{"line":31,"column":42},"end":{"line":33,"column":3}}},"5":{"name":"(anonymous_9)","decl":{"start":{"line":42,"column":2},"end":{"line":42,"column":7}},"loc":{"start":{"line":42,"column":56},"end":{"line":44,"column":3}}},"6":{"name":"(anonymous_10)","decl":{"start":{"line":47,"column":2},"end":{"line":47,"column":7}},"loc":{"start":{"line":47,"column":93},"end":{"line":49,"column":3}}}},"branchMap":{},"s":{"0":0,"1":0,"2":0,"3":0,"4":0,"5":0,"6":0,"7":0,"8":0,"9":0,"10":0,"11":0,"12":0,"13":0,"14":0,"15":0,"16":0,"17":0,"18":0,"19":0,"20":0,"21":0,"22":0},"f":{"0":0,"1":0,"2":0,"3":0,"4":0,"5":0,"6":0},"b":{}}
,"D:\\pattern50\\Projects\\pattern50-main-service\\src\\modules\\users\\users.module.ts": {"path":"D:\\pattern50\\Projects\\pattern50-main-service\\src\\modules\\users\\users.module.ts","statementMap":{"0":{"start":{"line":1,"column":0},"end":{"line":1,"column":40}},"1":{"start":{"line":2,"column":0},"end":{"line":2,"column":50}},"2":{"start":{"line":3,"column":0},"end":{"line":3,"column":58}},"3":{"start":{"line":4,"column":0},"end":{"line":4,"column":46}},"4":{"start":{"line":5,"column":0},"end":{"line":5,"column":53}},"5":{"start":{"line":6,"column":0},"end":{"line":6,"column":40}},"6":{"start":{"line":7,"column":0},"end":{"line":7,"column":57}},"7":{"start":{"line":8,"column":0},"end":{"line":8,"column":71}},"8":{"start":{"line":9,"column":0},"end":{"line":9,"column":89}},"9":{"start":{"line":10,"column":0},"end":{"line":10,"column":78}},"10":{"start":{"line":11,"column":0},"end":{"line":11,"column":60}},"11":{"start":{"line":12,"column":0},"end":{"line":12,"column":88}},"12":{"start":{"line":13,"column":0},"end":{"line":13,"column":112}},"13":{"start":{"line":14,"column":0},"end":{"line":14,"column":95}},"14":{"start":{"line":15,"column":0},"end":{"line":15,"column":71}},"15":{"start":{"line":30,"column":7},"end":{"line":30,"column":null}},"16":{"start":{"line":30,"column":13},"end":{"line":30,"column":null}},"17":{"start":{"line":30,"column":13},"end":{"line":30,"column":24}}},"fnMap":{},"branchMap":{},"s":{"0":0,"1":0,"2":0,"3":0,"4":0,"5":0,"6":0,"7":0,"8":0,"9":0,"10":0,"11":0,"12":0,"13":0,"14":0,"15":0,"16":0,"17":0},"f":{},"b":{}}
,"D:\\pattern50\\Projects\\pattern50-main-service\\src\\modules\\users\\dto\\create-user.dto.ts": {"path":"D:\\pattern50\\Projects\\pattern50-main-service\\src\\modules\\users\\dto\\create-user.dto.ts","statementMap":{"0":{"start":{"line":1,"column":0},"end":{"line":1,"column":81}},"1":{"start":{"line":2,"column":0},"end":{"line":2,"column":106}},"2":{"start":{"line":3,"column":0},"end":{"line":3,"column":32}},"3":{"start":{"line":4,"column":0},"end":{"line":4,"column":50}},"4":{"start":{"line":7,"column":4},"end":{"line":10,"column":null}},"5":{"start":{"line":13,"column":4},"end":{"line":15,"column":null}},"6":{"start":{"line":17,"column":4},"end":{"line":20,"column":null}},"7":{"start":{"line":22,"column":4},"end":{"line":26,"column":null}},"8":{"start":{"line":28,"column":4},"end":{"line":30,"column":null}},"9":{"start":{"line":32,"column":4},"end":{"line":34,"column":null}},"10":{"start":{"line":6,"column":0},"end":{"line":6,"column":13}}},"fnMap":{},"branchMap":{},"s":{"0":0,"1":0,"2":0,"3":0,"4":0,"5":0,"6":0,"7":0,"8":0,"9":0,"10":0},"f":{},"b":{}}
,"D:\\pattern50\\Projects\\pattern50-main-service\\src\\modules\\users\\dto\\update-user.dto.ts": {"path":"D:\\pattern50\\Projects\\pattern50-main-service\\src\\modules\\users\\dto\\update-user.dto.ts","statementMap":{"0":{"start":{"line":1,"column":0},"end":{"line":1,"column":51}},"1":{"start":{"line":2,"column":0},"end":{"line":2,"column":56}},"2":{"start":{"line":3,"column":0},"end":{"line":3,"column":32}},"3":{"start":{"line":4,"column":0},"end":{"line":4,"column":50}},"4":{"start":{"line":10,"column":4},"end":{"line":12,"column":null}},"5":{"start":{"line":13,"column":4},"end":{"line":14,"column":null}},"6":{"start":{"line":6,"column":0},"end":{"line":6,"column":13}}},"fnMap":{},"branchMap":{},"s":{"0":0,"1":0,"2":0,"3":0,"4":0,"5":0,"6":0},"f":{},"b":{}}
,"D:\\pattern50\\Projects\\pattern50-main-service\\src\\modules\\users\\entities\\user.entity.ts": {"path":"D:\\pattern50\\Projects\\pattern50-main-service\\src\\modules\\users\\entities\\user.entity.ts","statementMap":{"0":{"start":{"line":1,"column":0},"end":{"line":1,"column":55}},"1":{"start":{"line":2,"column":0},"end":{"line":2,"column":63}},"2":{"start":{"line":3,"column":0},"end":{"line":3,"column":46}},"3":{"start":{"line":4,"column":0},"end":{"line":4,"column":72}},"4":{"start":{"line":9,"column":7},"end":{"line":60,"column":null}},"5":{"start":{"line":10,"column":4},"end":{"line":11,"column":null}},"6":{"start":{"line":13,"column":4},"end":{"line":14,"column":null}},"7":{"start":{"line":16,"column":4},"end":{"line":17,"column":null}},"8":{"start":{"line":19,"column":4},"end":{"line":20,"column":null}},"9":{"start":{"line":22,"column":4},"end":{"line":23,"column":null}},"10":{"start":{"line":25,"column":4},"end":{"line":26,"column":null}},"11":{"start":{"line":28,"column":4},"end":{"line":29,"column":null}},"12":{"start":{"line":31,"column":4},"end":{"line":32,"column":null}},"13":{"start":{"line":34,"column":4},"end":{"line":39,"column":null}},"14":{"start":{"line":41,"column":4},"end":{"line":42,"column":null}},"15":{"start":{"line":44,"column":4},"end":{"line":45,"column":null}},"16":{"start":{"line":47,"column":4},"end":{"line":48,"column":null}},"17":{"start":{"line":50,"column":4},"end":{"line":51,"column":null}},"18":{"start":{"line":53,"column":4},"end":{"line":54,"column":null}},"19":{"start":{"line":55,"column":4},"end":{"line":56,"column":null}},"20":{"start":{"line":57,"column":4},"end":{"line":58,"column":null}},"21":{"start":{"line":9,"column":13},"end":{"line":60,"column":null}},"22":{"start":{"line":9,"column":13},"end":{"line":9,"column":17}},"23":{"start":{"line":62,"column":13},"end":{"line":62,"column":61}},"24":{"start":{"line":63,"column":0},"end":{"line":63,"column":null}}},"fnMap":{},"branchMap":{},"s":{"0":0,"1":0,"2":0,"3":0,"4":0,"5":0,"6":0,"7":0,"8":0,"9":0,"10":0,"11":0,"12":0,"13":0,"14":0,"15":0,"16":0,"17":0,"18":0,"19":0,"20":0,"21":0,"22":0,"23":0,"24":0},"f":{},"b":{}}
,"D:\\pattern50\\Projects\\pattern50-main-service\\src\\modules\\users\\enum\\index.enum.ts": {"path":"D:\\pattern50\\Projects\\pattern50-main-service\\src\\modules\\users\\enum\\index.enum.ts","statementMap":{"0":{"start":{"line":2,"column":0},"end":{"line":2,"column":null}},"1":{"start":{"line":3,"column":4},"end":{"line":3,"column":null}},"2":{"start":{"line":4,"column":4},"end":{"line":4,"column":null}},"3":{"start":{"line":7,"column":0},"end":{"line":7,"column":null}},"4":{"start":{"line":8,"column":4},"end":{"line":8,"column":null}},"5":{"start":{"line":9,"column":4},"end":{"line":9,"column":null}},"6":{"start":{"line":10,"column":4},"end":{"line":10,"column":null}}},"fnMap":{"0":{"name":"(anonymous_0)","decl":{"start":{"line":2,"column":0},"end":{"line":2,"column":12}},"loc":{"start":{"line":2,"column":32},"end":{"line":5,"column":1}}},"1":{"name":"(anonymous_1)","decl":{"start":{"line":7,"column":0},"end":{"line":7,"column":12}},"loc":{"start":{"line":7,"column":24},"end":{"line":11,"column":1}}}},"branchMap":{"0":{"loc":{"start":{"line":2,"column":12},"end":{"line":2,"column":null}},"type":"binary-expr","locations":[{"start":{"line":2,"column":12},"end":{"line":2,"column":32}},{"start":{"line":2,"column":12},"end":{"line":2,"column":null}}]},"1":{"loc":{"start":{"line":7,"column":12},"end":{"line":7,"column":null}},"type":"binary-expr","locations":[{"start":{"line":7,"column":12},"end":{"line":7,"column":24}},{"start":{"line":7,"column":12},"end":{"line":7,"column":null}}]}},"s":{"0":0,"1":0,"2":0,"3":0,"4":0,"5":0,"6":0},"f":{"0":0,"1":0},"b":{"0":[0,0],"1":[0,0]}}
}
